{"C:\\laragon\\www\\WorkoutTracking\\Frontend\\src\\App.vue": {"path":"C:\\laragon\\www\\WorkoutTracking\\Frontend\\src\\App.vue","statementMap":{"0":{"start":{"line":4,"column":29},"end":{"line":4,"column":148}},"1":{"start":{"line":5,"column":0},"end":{"line":7,"column":3}},"2":{"start":{"line":8,"column":0},"end":{"line":8,"column":25}},"3":{"start":{"line":33,"column":0},"end":{"line":33,"column":13}},"4":{"start":{"line":35,"column":0},"end":{"line":37,"column":3}},"5":{"start":{"line":38,"column":0},"end":{"line":38,"column":24}},"6":{"start":{"line":39,"column":11},"end":{"line":39,"column":25}},"7":{"start":{"line":40,"column":19},"end":{"line":42,"column":1}},"8":{"start":{"line":44,"column":31},"end":{"line":44,"column":70}},"9":{"start":{"line":45,"column":33},"end":{"line":45,"column":74}},"10":{"start":{"line":46,"column":31},"end":{"line":46,"column":70}},"11":{"start":{"line":47,"column":35},"end":{"line":47,"column":78}},"12":{"start":{"line":48,"column":2},"end":{"line":54,"column":10}},"13":{"start":{"line":55,"column":2},"end":{"line":55,"column":49}}},"fnMap":{"0":{"name":"render","decl":{"start":{"line":43,"column":9},"end":{"line":43,"column":15}},"loc":{"start":{"line":43,"column":30},"end":{"line":55,"column":1}},"line":43}},"branchMap":{},"s":{"0":0,"1":0,"2":0,"3":0,"4":0,"5":0,"6":0,"7":0,"8":0,"9":0,"10":0,"11":0,"12":0,"13":0},"f":{"0":0},"b":{},"inputSourceMap":{"0":"{","1":"\"","2":"v","3":"e","4":"r","5":"s","6":"i","7":"o","8":"n","9":"\"","10":":","11":"3","12":",","13":"\"","14":"s","15":"o","16":"u","17":"r","18":"c","19":"e","20":"s","21":"\"","22":":","23":"[","24":"\"","25":"C","26":":","27":"\\","28":"\\","29":"l","30":"a","31":"r","32":"a","33":"g","34":"o","35":"n","36":"\\","37":"\\","38":"w","39":"w","40":"w","41":"\\","42":"\\","43":"W","44":"o","45":"r","46":"k","47":"o","48":"u","49":"t","50":"T","51":"r","52":"a","53":"c","54":"k","55":"i","56":"n","57":"g","58":"\\","59":"\\","60":"F","61":"r","62":"o","63":"n","64":"t","65":"e","66":"n","67":"d","68":"\\","69":"\\","70":"s","71":"r","72":"c","73":"\\","74":"\\","75":"A","76":"p","77":"p","78":".","79":"v","80":"u","81":"e","82":"\"","83":"]","84":",","85":"\"","86":"n","87":"a","88":"m","89":"e","90":"s","91":"\"","92":":","93":"[","94":"]","95":",","96":"\"","97":"m","98":"a","99":"p","100":"p","101":"i","102":"n","103":"g","104":"s","105":"\"","106":":","107":"\"","108":";","109":";","110":";","111":";","112":";","113":";","114":";","115":";","116":"A","117":"A","118":"C","119":"A","120":";","121":"A","122":"A","123":"A","124":"A","125":";","126":"A","127":"A","128":"A","129":"A","130":";","131":"A","132":"A","133":"C","134":"A","135":";","136":"A","137":"A","138":"A","139":"A","140":";","141":"A","142":"A","143":"A","144":"A","145":";","146":"A","147":"A","148":"A","149":"+","150":"C","151":";","152":"A","153":"A","154":"A","155":"A","156":",","157":"e","158":"A","159":"E","160":"h","161":"C","162":";","163":"E","164":"A","165":"C","166":"b","167":",","168":"I","169":"A","170":"A","171":"I","172":",","173":"E","174":"A","175":"A","176":"E","177":",","178":"K","179":"A","180":"A","181":"K","182":";","183":"E","184":"A","185":"C","186":"X","187":",","188":"U","189":"A","190":"A","191":"U","192":",","193":"E","194":"A","195":"A","196":"E","197":";","198":"I","199":"A","200":"C","201":"V","202":",","203":"S","204":"A","205":"A","206":"S","207":";","208":"I","209":"A","210":"A","211":"T","212":";","213":"I","214":"A","215":"A","216":"A","217":";","218":"I","219":"A","220":"A","221":"A","222":";","223":"I","224":"A","225":"A","226":"A","227":",","228":"O","229":"A","230":"A","231":"S","232":";","233":"I","234":"A","235":"C","236":"T","237":",","238":"S","239":"A","240":"A","241":"S","242":";","243":"I","244":"A","245":"A","246":"T","247":";","248":"I","249":"A","250":"A","251":"A","252":";","253":"I","254":"A","255":"A","256":"A","257":";","258":"I","259":"A","260":"A","261":"A","262":";","263":"E","264":"A","265":"C","266":"F","267":";","268":"A","269":"A","270":"C","271":"F","272":",","273":"C","274":"A","275":"A","276":"C","277":";","278":"A","279":"A","280":"A","281":"A","282":";","283":"A","284":"A","285":"A","286":"A","287":"\"","288":",","289":"\"","290":"f","291":"i","292":"l","293":"e","294":"\"","295":":","296":"\"","297":"C","298":":","299":"\\","300":"\\","301":"l","302":"a","303":"r","304":"a","305":"g","306":"o","307":"n","308":"\\","309":"\\","310":"w","311":"w","312":"w","313":"\\","314":"\\","315":"W","316":"o","317":"r","318":"k","319":"o","320":"u","321":"t","322":"T","323":"r","324":"a","325":"c","326":"k","327":"i","328":"n","329":"g","330":"\\","331":"\\","332":"F","333":"r","334":"o","335":"n","336":"t","337":"e","338":"n","339":"d","340":"\\","341":"\\","342":"s","343":"r","344":"c","345":"\\","346":"\\","347":"A","348":"p","349":"p","350":".","351":"v","352":"u","353":"e","354":"\"","355":",","356":"\"","357":"s","358":"o","359":"u","360":"r","361":"c","362":"e","363":"s","364":"C","365":"o","366":"n","367":"t","368":"e","369":"n","370":"t","371":"\"","372":":","373":"[","374":"\"","375":"<","376":"s","377":"c","378":"r","379":"i","380":"p","381":"t","382":">","383":"\\","384":"n","385":"i","386":"m","387":"p","388":"o","389":"r","390":"t","391":" ","392":"A","393":"p","394":"p","395":"H","396":"e","397":"a","398":"d","399":"e","400":"r","401":" ","402":"f","403":"r","404":"o","405":"m","406":" ","407":"\\","408":"\"","409":"@","410":"/","411":"c","412":"o","413":"m","414":"p","415":"o","416":"n","417":"e","418":"n","419":"t","420":"s","421":"/","422":"A","423":"p","424":"p","425":"H","426":"e","427":"a","428":"d","429":"e","430":"r","431":"\\","432":"\"","433":";","434":"\\","435":"n","436":"i","437":"m","438":"p","439":"o","440":"r","441":"t","442":" ","443":"A","444":"p","445":"p","446":"F","447":"o","448":"o","449":"t","450":"e","451":"r","452":" ","453":"f","454":"r","455":"o","456":"m","457":" ","458":"\\","459":"\"","460":"@","461":"/","462":"c","463":"o","464":"m","465":"p","466":"o","467":"n","468":"e","469":"n","470":"t","471":"s","472":"/","473":"A","474":"p","475":"p","476":"F","477":"o","478":"o","479":"t","480":"e","481":"r","482":"\\","483":"\"","484":";","485":"\\","486":"n","487":"\\","488":"n","489":"e","490":"x","491":"p","492":"o","493":"r","494":"t","495":" ","496":"d","497":"e","498":"f","499":"a","500":"u","501":"l","502":"t","503":" ","504":"{","505":"\\","506":"n","507":" ","508":" ","509":"n","510":"a","511":"m","512":"e","513":":","514":" ","515":"'","516":"A","517":"p","518":"p","519":"'","520":",","521":"\\","522":"n","523":" ","524":" ","525":"c","526":"o","527":"m","528":"p","529":"o","530":"n","531":"e","532":"n","533":"t","534":"s","535":":","536":" ","537":"{","538":"\\","539":"n","540":" ","541":" ","542":" ","543":" ","544":"A","545":"p","546":"p","547":"H","548":"e","549":"a","550":"d","551":"e","552":"r","553":",","554":"\\","555":"n","556":" ","557":" ","558":" ","559":" ","560":"A","561":"p","562":"p","563":"F","564":"o","565":"o","566":"t","567":"e","568":"r","569":",","570":"\\","571":"n","572":" ","573":" ","574":"}","575":",","576":"\\","577":"n","578":"}","579":"\\","580":"n","581":"<","582":"/","583":"s","584":"c","585":"r","586":"i","587":"p","588":"t","589":">","590":"\\","591":"n","592":" ","593":"\\","594":"n","595":"<","596":"t","597":"e","598":"m","599":"p","600":"l","601":"a","602":"t","603":"e","604":">","605":"\\","606":"n","607":" ","608":" ","609":"<","610":"m","611":"a","612":"i","613":"n","614":" ","615":"c","616":"l","617":"a","618":"s","619":"s","620":"=","621":"\\","622":"\"","623":"c","624":"o","625":"n","626":"t","627":"a","628":"i","629":"n","630":"e","631":"r","632":"-","633":"f","634":"l","635":"u","636":"i","637":"d","638":"\\","639":"\"","640":">","641":"\\","642":"n","643":" ","644":" ","645":" ","646":" ","647":"<","648":"A","649":"p","650":"p","651":"H","652":"e","653":"a","654":"d","655":"e","656":"r","657":"/","658":">","659":"\\","660":"n","661":" ","662":" ","663":" ","664":" ","665":"<","666":"r","667":"o","668":"u","669":"t","670":"e","671":"r","672":"-","673":"v","674":"i","675":"e","676":"w","677":"/","678":">","679":"\\","680":"n","681":" ","682":" ","683":" ","684":" ","685":"<","686":"A","687":"p","688":"p","689":"F","690":"o","691":"o","692":"t","693":"e","694":"r","695":"/","696":">","697":"\\","698":"n","699":" ","700":" ","701":" ","702":" ","703":"<","704":"t","705":"e","706":"l","707":"e","708":"p","709":"o","710":"r","711":"t","712":" ","713":"t","714":"o","715":"=","716":"\\","717":"\"","718":"b","719":"o","720":"d","721":"y","722":"\\","723":"\"","724":">","725":"\\","726":"n","727":" ","728":" ","729":" ","730":" ","731":" ","732":" ","733":"<","734":"v","735":"u","736":"e","737":"3","738":"-","739":"s","740":"n","741":"a","742":"c","743":"k","744":"b","745":"a","746":"r","747":" ","748":"b","749":"o","750":"t","751":"t","752":"o","753":"m","754":" ","755":"r","756":"i","757":"g","758":"h","759":"t","760":" ","761":":","762":"d","763":"u","764":"r","765":"a","766":"t","767":"i","768":"o","769":"n","770":"=","771":"\\","772":"\"","773":"4","774":"0","775":"0","776":"0","777":"\\","778":"\"","779":">","780":"<","781":"/","782":"v","783":"u","784":"e","785":"3","786":"-","787":"s","788":"n","789":"a","790":"c","791":"k","792":"b","793":"a","794":"r","795":">","796":"\\","797":"n","798":" ","799":" ","800":" ","801":" ","802":"<","803":"/","804":"t","805":"e","806":"l","807":"e","808":"p","809":"o","810":"r","811":"t","812":">","813":"\\","814":"n","815":" ","816":" ","817":"<","818":"/","819":"m","820":"a","821":"i","822":"n","823":">","824":"\\","825":"n","826":"<","827":"/","828":"t","829":"e","830":"m","831":"p","832":"l","833":"a","834":"t","835":"e","836":">","837":"\\","838":"n","839":"\\","840":"n","841":"\\","842":"n","843":"<","844":"s","845":"t","846":"y","847":"l","848":"e","849":" ","850":"l","851":"a","852":"n","853":"g","854":"=","855":"\\","856":"\"","857":"s","858":"c","859":"s","860":"s","861":"\\","862":"\"","863":">","864":"\\","865":"n","866":"h","867":"t","868":"m","869":"l","870":",","871":" ","872":"b","873":"o","874":"d","875":"y","876":" ","877":"{","878":"\\","879":"n","880":" ","881":" ","882":"b","883":"a","884":"c","885":"k","886":"g","887":"r","888":"o","889":"u","890":"n","891":"d","892":"-","893":"c","894":"o","895":"l","896":"o","897":"r","898":":","899":" ","900":"#","901":"2","902":"D","903":"2","904":"B","905":"4","906":"1","907":" ","908":"!","909":"i","910":"m","911":"p","912":"o","913":"r","914":"t","915":"a","916":"n","917":"t","918":";","919":"\\","920":"n","921":"}","922":"\\","923":"n","924":"\\","925":"n","926":"#","927":"a","928":"p","929":"p","930":" ","931":"{","932":"\\","933":"n","934":" ","935":" ","936":"f","937":"o","938":"n","939":"t","940":"-","941":"f","942":"a","943":"m","944":"i","945":"l","946":"y","947":":","948":" ","949":"A","950":"v","951":"e","952":"n","953":"i","954":"r","955":",","956":" ","957":"H","958":"e","959":"l","960":"v","961":"e","962":"t","963":"i","964":"c","965":"a","966":",","967":" ","968":"A","969":"r","970":"i","971":"a","972":"l","973":",","974":" ","975":"s","976":"a","977":"n","978":"s","979":"-","980":"s","981":"e","982":"r","983":"i","984":"f","985":";","986":"\\","987":"n","988":" ","989":" ","990":"c","991":"o","992":"l","993":"o","994":"r","995":":","996":" ","997":"#","998":"f","999":"f","1000":"f","1001":"f","1002":"f","1003":"f","1004":";","1005":"\\","1006":"n","1007":"\\","1008":"n","1009":"}","1010":"\\","1011":"n","1012":"\\","1013":"n","1014":".","1015":"f","1016":"o","1017":"r","1018":"m","1019":"-","1020":"c","1021":"o","1022":"n","1023":"t","1024":"r","1025":"o","1026":"l","1027":" ","1028":"{","1029":"\\","1030":"n","1031":" ","1032":" ","1033":"b","1034":"a","1035":"c","1036":"k","1037":"g","1038":"r","1039":"o","1040":"u","1041":"n","1042":"d","1043":":","1044":" ","1045":"n","1046":"o","1047":"n","1048":"e","1049":" ","1050":"!","1051":"i","1052":"m","1053":"p","1054":"o","1055":"r","1056":"t","1057":"a","1058":"n","1059":"t","1060":";","1061":"\\","1062":"n","1063":" ","1064":" ","1065":"b","1066":"o","1067":"r","1068":"d","1069":"e","1070":"r","1071":"-","1072":"c","1073":"o","1074":"l","1075":"o","1076":"r","1077":":","1078":" ","1079":"#","1080":"3","1081":"4","1082":"D","1083":"2","1084":"C","1085":"1","1086":" ","1087":"!","1088":"i","1089":"m","1090":"p","1091":"o","1092":"r","1093":"t","1094":"a","1095":"n","1096":"t","1097":";","1098":"\\","1099":"n","1100":" ","1101":" ","1102":"c","1103":"o","1104":"l","1105":"o","1106":"r","1107":":","1108":" ","1109":"#","1110":"f","1111":"f","1112":"f","1113":" ","1114":"!","1115":"i","1116":"m","1117":"p","1118":"o","1119":"r","1120":"t","1121":"a","1122":"n","1123":"t","1124":";","1125":"\\","1126":"n","1127":" ","1128":" ","1129":"b","1130":"o","1131":"r","1132":"d","1133":"e","1134":"r","1135":"-","1136":"r","1137":"a","1138":"d","1139":"i","1140":"u","1141":"s","1142":":","1143":" ","1144":"2","1145":"5","1146":"p","1147":"x","1148":" ","1149":"!","1150":"i","1151":"m","1152":"p","1153":"o","1154":"r","1155":"t","1156":"a","1157":"n","1158":"t","1159":";","1160":"\\","1161":"n","1162":"}","1163":"\\","1164":"n","1165":"\\","1166":"n","1167":".","1168":"f","1169":"o","1170":"r","1171":"m","1172":"-","1173":"c","1174":"o","1175":"n","1176":"t","1177":"r","1178":"o","1179":"l","1180":":","1181":"f","1182":"o","1183":"c","1184":"u","1185":"s","1186":" ","1187":"{","1188":"\\","1189":"n","1190":" ","1191":" ","1192":"b","1193":"a","1194":"c","1195":"k","1196":"g","1197":"r","1198":"o","1199":"u","1200":"n","1201":"d","1202":":","1203":" ","1204":"n","1205":"o","1206":"n","1207":"e","1208":" ","1209":"!","1210":"i","1211":"m","1212":"p","1213":"o","1214":"r","1215":"t","1216":"a","1217":"n","1218":"t","1219":";","1220":"\\","1221":"n","1222":" ","1223":" ","1224":"c","1225":"o","1226":"l","1227":"o","1228":"r","1229":":","1230":" ","1231":"#","1232":"f","1233":"f","1234":"f","1235":" ","1236":"!","1237":"i","1238":"m","1239":"p","1240":"o","1241":"r","1242":"t","1243":"a","1244":"n","1245":"t","1246":";","1247":"\\","1248":"n","1249":"}","1250":"\\","1251":"n","1252":"<","1253":"/","1254":"s","1255":"t","1256":"y","1257":"l","1258":"e","1259":">","1260":"\\","1261":"n","1262":"\"","1263":"]","1264":"}"}}
,"C:\\laragon\\www\\WorkoutTracking\\Frontend\\src\\ErrorPage.vue": {"path":"C:\\laragon\\www\\WorkoutTracking\\Frontend\\src\\ErrorPage.vue","statementMap":{"0":{"start":{"line":4,"column":29},"end":{"line":4,"column":148}},"1":{"start":{"line":5,"column":0},"end":{"line":7,"column":3}},"2":{"start":{"line":8,"column":0},"end":{"line":8,"column":25}},"3":{"start":{"line":25,"column":0},"end":{"line":25,"column":13}},"4":{"start":{"line":27,"column":0},"end":{"line":29,"column":3}},"5":{"start":{"line":30,"column":0},"end":{"line":30,"column":24}},"6":{"start":{"line":31,"column":11},"end":{"line":31,"column":25}},"7":{"start":{"line":32,"column":32},"end":{"line":34,"column":131}},"8":{"start":{"line":37,"column":31},"end":{"line":37,"column":70}},"9":{"start":{"line":38,"column":2},"end":{"line":38,"column":167}},"10":{"start":{"line":39,"column":2},"end":{"line":39,"column":49}}},"fnMap":{"0":{"name":"render","decl":{"start":{"line":36,"column":9},"end":{"line":36,"column":15}},"loc":{"start":{"line":36,"column":30},"end":{"line":39,"column":1}},"line":36}},"branchMap":{},"s":{"0":0,"1":0,"2":0,"3":0,"4":0,"5":0,"6":0,"7":0,"8":0,"9":0,"10":0},"f":{"0":0},"b":{},"inputSourceMap":{"0":"{","1":"\"","2":"v","3":"e","4":"r","5":"s","6":"i","7":"o","8":"n","9":"\"","10":":","11":"3","12":",","13":"\"","14":"s","15":"o","16":"u","17":"r","18":"c","19":"e","20":"s","21":"\"","22":":","23":"[","24":"\"","25":"C","26":":","27":"\\","28":"\\","29":"l","30":"a","31":"r","32":"a","33":"g","34":"o","35":"n","36":"\\","37":"\\","38":"w","39":"w","40":"w","41":"\\","42":"\\","43":"W","44":"o","45":"r","46":"k","47":"o","48":"u","49":"t","50":"T","51":"r","52":"a","53":"c","54":"k","55":"i","56":"n","57":"g","58":"\\","59":"\\","60":"F","61":"r","62":"o","63":"n","64":"t","65":"e","66":"n","67":"d","68":"\\","69":"\\","70":"s","71":"r","72":"c","73":"\\","74":"\\","75":"E","76":"r","77":"r","78":"o","79":"r","80":"P","81":"a","82":"g","83":"e","84":".","85":"v","86":"u","87":"e","88":"\"","89":"]","90":",","91":"\"","92":"n","93":"a","94":"m","95":"e","96":"s","97":"\"","98":":","99":"[","100":"]","101":",","102":"\"","103":"m","104":"a","105":"p","106":"p","107":"i","108":"n","109":"g","110":"s","111":"\"","112":":","113":"\"","114":";","115":";","116":";","117":";","118":";","119":";","120":";","121":";","122":"A","123":"A","124":"C","125":"A","126":";","127":"A","128":"A","129":"A","130":"A","131":";","132":"A","133":"A","134":"A","135":"A","136":";","137":"A","138":"A","139":"A","140":"+","141":"C","142":";","143":"A","144":"A","145":"A","146":"A","147":",","148":"e","149":"A","150":"E","151":"h","152":"C","153":";","154":"E","155":"A","156":"C","157":"b","158":",","159":"I","160":"A","161":"A","162":"I","163":",","164":"E","165":"A","166":"A","167":"E","168":",","169":"W","170":"A","171":"A","172":"W","173":";","174":"E","175":"A","176":"C","177":"j","178":"B","179":",","180":"U","181":"A","182":"A","183":"U","184":",","185":"E","186":"A","187":"A","188":"E","189":";","190":"I","191":"A","192":"C","193":"V","194":",","195":"S","196":"A","197":"A","198":"S","199":";","200":"I","201":"A","202":"A","203":"T","204":";","205":"I","206":"A","207":"A","208":"A","209":";","210":"I","211":"A","212":"A","213":"A","214":";","215":"I","216":"A","217":"A","218":"A","219":";","220":"E","221":"A","222":"C","223":"F","224":";","225":"A","226":"A","227":"C","228":"F","229":",","230":"C","231":"A","232":"A","233":"C","234":";","235":"A","236":"A","237":"A","238":"A","239":";","240":"A","241":"A","242":"A","243":"A","244":"\"","245":",","246":"\"","247":"f","248":"i","249":"l","250":"e","251":"\"","252":":","253":"\"","254":"C","255":":","256":"\\","257":"\\","258":"l","259":"a","260":"r","261":"a","262":"g","263":"o","264":"n","265":"\\","266":"\\","267":"w","268":"w","269":"w","270":"\\","271":"\\","272":"W","273":"o","274":"r","275":"k","276":"o","277":"u","278":"t","279":"T","280":"r","281":"a","282":"c","283":"k","284":"i","285":"n","286":"g","287":"\\","288":"\\","289":"F","290":"r","291":"o","292":"n","293":"t","294":"e","295":"n","296":"d","297":"\\","298":"\\","299":"s","300":"r","301":"c","302":"\\","303":"\\","304":"E","305":"r","306":"r","307":"o","308":"r","309":"P","310":"a","311":"g","312":"e","313":".","314":"v","315":"u","316":"e","317":"\"","318":",","319":"\"","320":"s","321":"o","322":"u","323":"r","324":"c","325":"e","326":"s","327":"C","328":"o","329":"n","330":"t","331":"e","332":"n","333":"t","334":"\"","335":":","336":"[","337":"\"","338":"<","339":"s","340":"c","341":"r","342":"i","343":"p","344":"t","345":">","346":"\\","347":"r","348":"\\","349":"n","350":"i","351":"m","352":"p","353":"o","354":"r","355":"t","356":" ","357":"A","358":"p","359":"p","360":"F","361":"o","362":"o","363":"t","364":"e","365":"r","366":" ","367":"f","368":"r","369":"o","370":"m","371":" ","372":"\\","373":"\"","374":"@","375":"/","376":"c","377":"o","378":"m","379":"p","380":"o","381":"n","382":"e","383":"n","384":"t","385":"s","386":"/","387":"A","388":"p","389":"p","390":"F","391":"o","392":"o","393":"t","394":"e","395":"r","396":"\\","397":"\"","398":";","399":"\\","400":"r","401":"\\","402":"n","403":"\\","404":"r","405":"\\","406":"n","407":"e","408":"x","409":"p","410":"o","411":"r","412":"t","413":" ","414":"d","415":"e","416":"f","417":"a","418":"u","419":"l","420":"t","421":" ","422":"{","423":"\\","424":"r","425":"\\","426":"n","427":" ","428":" ","429":"n","430":"a","431":"m","432":"e","433":":","434":" ","435":"'","436":"E","437":"r","438":"r","439":"o","440":"r","441":"P","442":"a","443":"g","444":"e","445":"'","446":",","447":"\\","448":"r","449":"\\","450":"n","451":" ","452":" ","453":"c","454":"o","455":"m","456":"p","457":"o","458":"n","459":"e","460":"n","461":"t","462":"s","463":":","464":" ","465":"{","466":"\\","467":"r","468":"\\","469":"n","470":" ","471":" ","472":" ","473":" ","474":"A","475":"p","476":"p","477":"F","478":"o","479":"o","480":"t","481":"e","482":"r","483":",","484":"\\","485":"r","486":"\\","487":"n","488":" ","489":" ","490":"}","491":",","492":"\\","493":"r","494":"\\","495":"n","496":"}","497":"\\","498":"r","499":"\\","500":"n","501":"<","502":"/","503":"s","504":"c","505":"r","506":"i","507":"p","508":"t","509":">","510":"\\","511":"r","512":"\\","513":"n","514":"\\","515":"r","516":"\\","517":"n","518":"\\","519":"r","520":"\\","521":"n","522":"<","523":"t","524":"e","525":"m","526":"p","527":"l","528":"a","529":"t","530":"e","531":">","532":"\\","533":"r","534":"\\","535":"n","536":" ","537":" ","538":"<","539":"d","540":"i","541":"v","542":" ","543":"c","544":"l","545":"a","546":"s","547":"s","548":"=","549":"\\","550":"\"","551":"e","552":"r","553":"r","554":"o","555":"r","556":"P","557":"a","558":"g","559":"e","560":"\\","561":"\"","562":">","563":"\\","564":"r","565":"\\","566":"n","567":" ","568":" ","569":" ","570":" ","571":"<","572":"h","573":"1","574":">","575":"B","576":"a","577":"c","578":"k","579":"e","580":"n","581":"d","582":" ","583":"s","584":"e","585":"r","586":"v","587":"i","588":"c","589":"e","590":" ","591":"o","592":"r","593":" ","594":"K","595":"e","596":"y","597":"c","598":"l","599":"o","600":"a","601":"k","602":" ","603":"s","604":"e","605":"r","606":"v","607":"i","608":"c","609":"e","610":" ","611":"n","612":"o","613":"t","614":" ","615":"a","616":"v","617":"a","618":"i","619":"l","620":"a","621":"b","622":"l","623":"e","624":".","625":"<","626":"/","627":"h","628":"1","629":">","630":"\\","631":"r","632":"\\","633":"n","634":" ","635":" ","636":"<","637":"/","638":"d","639":"i","640":"v","641":">","642":"\\","643":"r","644":"\\","645":"n","646":" ","647":" ","648":"<","649":"A","650":"p","651":"p","652":"F","653":"o","654":"o","655":"t","656":"e","657":"r","658":"/","659":">","660":"\\","661":"r","662":"\\","663":"n","664":"<","665":"/","666":"t","667":"e","668":"m","669":"p","670":"l","671":"a","672":"t","673":"e","674":">","675":"\\","676":"r","677":"\\","678":"n","679":"\\","680":"r","681":"\\","682":"n","683":"\\","684":"r","685":"\\","686":"n","687":"<","688":"s","689":"t","690":"y","691":"l","692":"e","693":">","694":"\\","695":"r","696":"\\","697":"n","698":" ","699":".","700":"e","701":"r","702":"r","703":"o","704":"r","705":"P","706":"a","707":"g","708":"e","709":" ","710":"{","711":"\\","712":"r","713":"\\","714":"n","715":" ","716":" ","717":" ","718":"h","719":"e","720":"i","721":"g","722":"h","723":"t","724":":","725":" ","726":"1","727":"0","728":"0","729":"v","730":"h","731":" ","732":"!","733":"i","734":"m","735":"p","736":"o","737":"r","738":"t","739":"a","740":"n","741":"t","742":";","743":"\\","744":"r","745":"\\","746":"n","747":" ","748":" ","749":" ","750":"d","751":"i","752":"s","753":"p","754":"l","755":"a","756":"y","757":":","758":" ","759":"f","760":"l","761":"e","762":"x","763":" ","764":"!","765":"i","766":"m","767":"p","768":"o","769":"r","770":"t","771":"a","772":"n","773":"t","774":";","775":"\\","776":"r","777":"\\","778":"n","779":" ","780":" ","781":" ","782":"j","783":"u","784":"s","785":"t","786":"i","787":"f","788":"y","789":"-","790":"c","791":"o","792":"n","793":"t","794":"e","795":"n","796":"t","797":":","798":" ","799":"c","800":"e","801":"n","802":"t","803":"e","804":"r","805":" ","806":"!","807":"i","808":"m","809":"p","810":"o","811":"r","812":"t","813":"a","814":"n","815":"t","816":";","817":"\\","818":"r","819":"\\","820":"n","821":" ","822":" ","823":" ","824":"a","825":"l","826":"i","827":"g","828":"n","829":"-","830":"i","831":"t","832":"e","833":"m","834":"s","835":":","836":" ","837":"c","838":"e","839":"n","840":"t","841":"e","842":"r","843":" ","844":"!","845":"i","846":"m","847":"p","848":"o","849":"r","850":"t","851":"a","852":"n","853":"t","854":";","855":"\\","856":"r","857":"\\","858":"n","859":" ","860":"}","861":"\\","862":"r","863":"\\","864":"n","865":"<","866":"/","867":"s","868":"t","869":"y","870":"l","871":"e","872":">","873":"\"","874":"]","875":"}"}}
,"C:\\laragon\\www\\WorkoutTracking\\Frontend\\src\\HomePage.vue": {"path":"C:\\laragon\\www\\WorkoutTracking\\Frontend\\src\\HomePage.vue","statementMap":{"0":{"start":{"line":4,"column":29},"end":{"line":4,"column":148}},"1":{"start":{"line":5,"column":0},"end":{"line":7,"column":3}},"2":{"start":{"line":8,"column":0},"end":{"line":8,"column":25}},"3":{"start":{"line":51,"column":0},"end":{"line":53,"column":3}},"4":{"start":{"line":54,"column":0},"end":{"line":54,"column":24}},"5":{"start":{"line":55,"column":11},"end":{"line":55,"column":25}},"6":{"start":{"line":56,"column":32},"end":{"line":56,"column":102}},"7":{"start":{"line":59,"column":2},"end":{"line":59,"column":220}},"8":{"start":{"line":60,"column":2},"end":{"line":60,"column":49}}},"fnMap":{"0":{"name":"render","decl":{"start":{"line":58,"column":9},"end":{"line":58,"column":15}},"loc":{"start":{"line":58,"column":63},"end":{"line":60,"column":1}},"line":58}},"branchMap":{},"s":{"0":1,"1":1,"2":1,"3":1,"4":1,"5":1,"6":1,"7":0,"8":1},"f":{"0":0},"b":{},"inputSourceMap":{"0":"{","1":"\"","2":"v","3":"e","4":"r","5":"s","6":"i","7":"o","8":"n","9":"\"","10":":","11":"3","12":",","13":"\"","14":"s","15":"o","16":"u","17":"r","18":"c","19":"e","20":"s","21":"\"","22":":","23":"[","24":"\"","25":"C","26":":","27":"/","28":"l","29":"a","30":"r","31":"a","32":"g","33":"o","34":"n","35":"/","36":"w","37":"w","38":"w","39":"/","40":"W","41":"o","42":"r","43":"k","44":"o","45":"u","46":"t","47":"T","48":"r","49":"a","50":"c","51":"k","52":"i","53":"n","54":"g","55":"/","56":"F","57":"r","58":"o","59":"n","60":"t","61":"e","62":"n","63":"d","64":"/","65":"s","66":"r","67":"c","68":"/","69":"H","70":"o","71":"m","72":"e","73":"P","74":"a","75":"g","76":"e","77":".","78":"v","79":"u","80":"e","81":"\"","82":"]","83":",","84":"\"","85":"n","86":"a","87":"m","88":"e","89":"s","90":"\"","91":":","92":"[","93":"]","94":",","95":"\"","96":"m","97":"a","98":"p","99":"p","100":"i","101":"n","102":"g","103":"s","104":"\"","105":":","106":"\"","107":";","108":";","109":";","110":";","111":";","112":";","113":";","114":";","115":"A","116":"A","117":"C","118":"A","119":";","120":"A","121":"A","122":"A","123":"A","124":";","125":"A","126":"A","127":"A","128":"A","129":";","130":"A","131":"A","132":"C","133":"A","134":";","135":"A","136":"A","137":"A","138":"A","139":";","140":"A","141":"A","142":"A","143":"A","144":";","145":"A","146":"A","147":"A","148":"u","149":"D","150":";","151":"A","152":"A","153":"A","154":"A","155":"\"","156":",","157":"\"","158":"f","159":"i","160":"l","161":"e","162":"\"","163":":","164":"\"","165":"C","166":":","167":"\\","168":"\\","169":"l","170":"a","171":"r","172":"a","173":"g","174":"o","175":"n","176":"\\","177":"\\","178":"w","179":"w","180":"w","181":"\\","182":"\\","183":"W","184":"o","185":"r","186":"k","187":"o","188":"u","189":"t","190":"T","191":"r","192":"a","193":"c","194":"k","195":"i","196":"n","197":"g","198":"\\","199":"\\","200":"F","201":"r","202":"o","203":"n","204":"t","205":"e","206":"n","207":"d","208":"\\","209":"\\","210":"s","211":"r","212":"c","213":"\\","214":"\\","215":"H","216":"o","217":"m","218":"e","219":"P","220":"a","221":"g","222":"e","223":".","224":"v","225":"u","226":"e","227":"\"","228":",","229":"\"","230":"s","231":"o","232":"u","233":"r","234":"c","235":"e","236":"s","237":"C","238":"o","239":"n","240":"t","241":"e","242":"n","243":"t","244":"\"","245":":","246":"[","247":"\"","248":"<","249":"s","250":"c","251":"r","252":"i","253":"p","254":"t","255":" ","256":"s","257":"e","258":"t","259":"u","260":"p","261":">","262":"\\","263":"r","264":"\\","265":"n","266":"i","267":"m","268":"p","269":"o","270":"r","271":"t","272":" ","273":"S","274":"t","275":"a","276":"r","277":"t","278":"N","279":"e","280":"w","281":"W","282":"o","283":"r","284":"k","285":"o","286":"u","287":"t","288":" ","289":"f","290":"r","291":"o","292":"m","293":" ","294":"'","295":"@","296":"/","297":"c","298":"o","299":"m","300":"p","301":"o","302":"n","303":"e","304":"n","305":"t","306":"s","307":"/","308":"S","309":"t","310":"a","311":"r","312":"t","313":"N","314":"e","315":"w","316":"W","317":"o","318":"r","319":"k","320":"o","321":"u","322":"t","323":"'","324":";","325":"\\","326":"r","327":"\\","328":"n","329":"i","330":"m","331":"p","332":"o","333":"r","334":"t","335":" ","336":"W","337":"o","338":"r","339":"k","340":"o","341":"u","342":"t","343":"s","344":"T","345":"a","346":"b","347":"l","348":"e","349":" ","350":"f","351":"r","352":"o","353":"m","354":" ","355":"\\","356":"\"","357":"@","358":"/","359":"c","360":"o","361":"m","362":"p","363":"o","364":"n","365":"e","366":"n","367":"t","368":"s","369":"/","370":"W","371":"o","372":"r","373":"k","374":"o","375":"u","376":"t","377":"s","378":"T","379":"a","380":"b","381":"l","382":"e","383":"\\","384":"\"","385":";","386":"\\","387":"r","388":"\\","389":"n","390":"<","391":"/","392":"s","393":"c","394":"r","395":"i","396":"p","397":"t","398":">","399":"\\","400":"r","401":"\\","402":"n","403":"\\","404":"r","405":"\\","406":"n","407":"<","408":"t","409":"e","410":"m","411":"p","412":"l","413":"a","414":"t","415":"e","416":">","417":"\\","418":"r","419":"\\","420":"n","421":" ","422":" ","423":"<","424":"h","425":"1","426":">","427":"W","428":"o","429":"r","430":"k","431":"o","432":"u","433":"t","434":"s","435":"<","436":"/","437":"h","438":"1","439":">","440":"\\","441":"r","442":"\\","443":"n","444":" ","445":" ","446":"<","447":"S","448":"t","449":"a","450":"r","451":"t","452":"N","453":"e","454":"w","455":"W","456":"o","457":"r","458":"k","459":"o","460":"u","461":"t","462":"/","463":">","464":"\\","465":"r","466":"\\","467":"n","468":" ","469":" ","470":"<","471":"W","472":"o","473":"r","474":"k","475":"o","476":"u","477":"t","478":"s","479":"T","480":"a","481":"b","482":"l","483":"e","484":"/","485":">","486":"\\","487":"r","488":"\\","489":"n","490":"<","491":"/","492":"t","493":"e","494":"m","495":"p","496":"l","497":"a","498":"t","499":"e","500":">","501":"\"","502":"]","503":"}"},"_coverageSchema":"1a1c01bbd47fc00a2c39e90264f33305004495a9","hash":"4b442fdd35279363e3311970ca2f49c99a6a5915"}
,"C:\\laragon\\www\\WorkoutTracking\\Frontend\\src\\StatsPage.vue": {"path":"C:\\laragon\\www\\WorkoutTracking\\Frontend\\src\\StatsPage.vue","statementMap":{"0":{"start":{"line":4,"column":0},"end":{"line":6,"column":3}},"1":{"start":{"line":7,"column":0},"end":{"line":7,"column":25}},"2":{"start":{"line":8,"column":15},"end":{"line":10,"column":1}},"3":{"start":{"line":13,"column":0},"end":{"line":13,"column":13}},"4":{"start":{"line":15,"column":0},"end":{"line":17,"column":3}},"5":{"start":{"line":18,"column":0},"end":{"line":18,"column":24}},"6":{"start":{"line":19,"column":11},"end":{"line":19,"column":25}},"7":{"start":{"line":21,"column":2},"end":{"line":21,"column":82}},"8":{"start":{"line":22,"column":2},"end":{"line":22,"column":49}}},"fnMap":{"0":{"name":"render","decl":{"start":{"line":20,"column":9},"end":{"line":20,"column":15}},"loc":{"start":{"line":20,"column":30},"end":{"line":22,"column":1}},"line":20}},"branchMap":{},"s":{"0":1,"1":1,"2":1,"3":1,"4":1,"5":1,"6":1,"7":0,"8":1},"f":{"0":0},"b":{},"inputSourceMap":{"0":"{","1":"\"","2":"v","3":"e","4":"r","5":"s","6":"i","7":"o","8":"n","9":"\"","10":":","11":"3","12":",","13":"\"","14":"s","15":"o","16":"u","17":"r","18":"c","19":"e","20":"s","21":"\"","22":":","23":"[","24":"\"","25":"C","26":":","27":"\\","28":"\\","29":"l","30":"a","31":"r","32":"a","33":"g","34":"o","35":"n","36":"\\","37":"\\","38":"w","39":"w","40":"w","41":"\\","42":"\\","43":"W","44":"o","45":"r","46":"k","47":"o","48":"u","49":"t","50":"T","51":"r","52":"a","53":"c","54":"k","55":"i","56":"n","57":"g","58":"\\","59":"\\","60":"F","61":"r","62":"o","63":"n","64":"t","65":"e","66":"n","67":"d","68":"\\","69":"\\","70":"s","71":"r","72":"c","73":"\\","74":"\\","75":"S","76":"t","77":"a","78":"t","79":"s","80":"P","81":"a","82":"g","83":"e","84":".","85":"v","86":"u","87":"e","88":"\"","89":"]","90":",","91":"\"","92":"n","93":"a","94":"m","95":"e","96":"s","97":"\"","98":":","99":"[","100":"]","101":",","102":"\"","103":"m","104":"a","105":"p","106":"p","107":"i","108":"n","109":"g","110":"s","111":"\"","112":":","113":"\"","114":";","115":";","116":";","117":";","118":";","119":";","120":";","121":"e","122":"A","123":"K","124":"e","125":";","126":"E","127":"A","128":"C","129":"b","130":",","131":"I","132":"A","133":"A","134":"I","135":",","136":"E","137":"A","138":"A","139":"E","140":";","141":"A","142":"A","143":"C","144":"R","145":",","146":"C","147":"A","148":"A","149":"C","150":";","151":"A","152":"A","153":"A","154":"A","155":";","156":"A","157":"A","158":"A","159":"A","160":"\"","161":",","162":"\"","163":"f","164":"i","165":"l","166":"e","167":"\"","168":":","169":"\"","170":"C","171":":","172":"\\","173":"\\","174":"l","175":"a","176":"r","177":"a","178":"g","179":"o","180":"n","181":"\\","182":"\\","183":"w","184":"w","185":"w","186":"\\","187":"\\","188":"W","189":"o","190":"r","191":"k","192":"o","193":"u","194":"t","195":"T","196":"r","197":"a","198":"c","199":"k","200":"i","201":"n","202":"g","203":"\\","204":"\\","205":"F","206":"r","207":"o","208":"n","209":"t","210":"e","211":"n","212":"d","213":"\\","214":"\\","215":"s","216":"r","217":"c","218":"\\","219":"\\","220":"S","221":"t","222":"a","223":"t","224":"s","225":"P","226":"a","227":"g","228":"e","229":".","230":"v","231":"u","232":"e","233":"\"","234":",","235":"\"","236":"s","237":"o","238":"u","239":"r","240":"c","241":"e","242":"s","243":"C","244":"o","245":"n","246":"t","247":"e","248":"n","249":"t","250":"\"","251":":","252":"[","253":"\"","254":"<","255":"t","256":"e","257":"m","258":"p","259":"l","260":"a","261":"t","262":"e","263":">","264":"\\","265":"r","266":"\\","267":"n","268":" ","269":" ","270":"<","271":"h","272":"1","273":">","274":"S","275":"t","276":"a","277":"t","278":"s","279":"<","280":"/","281":"h","282":"1","283":">","284":"\\","285":"r","286":"\\","287":"n","288":"<","289":"/","290":"t","291":"e","292":"m","293":"p","294":"l","295":"a","296":"t","297":"e","298":">","299":"\\","300":"r","301":"\\","302":"n","303":"\\","304":"r","305":"\\","306":"n","307":"<","308":"s","309":"c","310":"r","311":"i","312":"p","313":"t","314":">","315":"\\","316":"r","317":"\\","318":"n","319":"e","320":"x","321":"p","322":"o","323":"r","324":"t","325":" ","326":"d","327":"e","328":"f","329":"a","330":"u","331":"l","332":"t","333":" ","334":"{","335":"\\","336":"r","337":"\\","338":"n","339":" ","340":" ","341":"n","342":"a","343":"m","344":"e","345":":","346":" ","347":"\\","348":"\"","349":"S","350":"t","351":"a","352":"t","353":"s","354":"P","355":"a","356":"g","357":"e","358":"\\","359":"\"","360":"\\","361":"r","362":"\\","363":"n","364":"}","365":"\\","366":"r","367":"\\","368":"n","369":"<","370":"/","371":"s","372":"c","373":"r","374":"i","375":"p","376":"t","377":">","378":"\\","379":"r","380":"\\","381":"n","382":"\"","383":"]","384":"}"},"_coverageSchema":"1a1c01bbd47fc00a2c39e90264f33305004495a9","hash":"e926f257b7871b9e28da646d2ac4017a9281a93d"}
,"C:\\laragon\\www\\WorkoutTracking\\Frontend\\src\\main.js": {"path":"C:\\laragon\\www\\WorkoutTracking\\Frontend\\src\\main.js","statementMap":{"0":{"start":{"line":14,"column":4},"end":{"line":24,"column":5}},"1":{"start":{"line":15,"column":26},"end":{"line":15,"column":46}},"2":{"start":{"line":16,"column":8},"end":{"line":16,"column":32}},"3":{"start":{"line":18,"column":20},"end":{"line":18,"column":34}},"4":{"start":{"line":19,"column":8},"end":{"line":19,"column":57}},"5":{"start":{"line":20,"column":8},"end":{"line":20,"column":33}},"6":{"start":{"line":21,"column":8},"end":{"line":21,"column":24}},"7":{"start":{"line":22,"column":8},"end":{"line":22,"column":53}},"8":{"start":{"line":23,"column":8},"end":{"line":23,"column":26}},"9":{"start":{"line":26,"column":18},"end":{"line":28,"column":1}},"10":{"start":{"line":30,"column":15},"end":{"line":30,"column":40}},"11":{"start":{"line":32,"column":0},"end":{"line":81,"column":3}},"12":{"start":{"line":33,"column":4},"end":{"line":64,"column":5}},"13":{"start":{"line":34,"column":8},"end":{"line":34,"column":33}},"14":{"start":{"line":36,"column":8},"end":{"line":36,"column":38}},"15":{"start":{"line":37,"column":8},"end":{"line":37,"column":41}},"16":{"start":{"line":38,"column":8},"end":{"line":38,"column":58}},"17":{"start":{"line":40,"column":23},"end":{"line":45,"column":9}},"18":{"start":{"line":47,"column":8},"end":{"line":63,"column":9}},"19":{"start":{"line":48,"column":12},"end":{"line":59,"column":19}},"20":{"start":{"line":50,"column":20},"end":{"line":50,"column":49}},"21":{"start":{"line":51,"column":20},"end":{"line":51,"column":40}},"22":{"start":{"line":53,"column":20},"end":{"line":58,"column":21}},"23":{"start":{"line":54,"column":24},"end":{"line":54,"column":43}},"24":{"start":{"line":56,"column":24},"end":{"line":56,"column":58}},"25":{"start":{"line":57,"column":24},"end":{"line":57,"column":44}},"26":{"start":{"line":61,"column":12},"end":{"line":61,"column":54}},"27":{"start":{"line":62,"column":12},"end":{"line":62,"column":31}},"28":{"start":{"line":66,"column":4},"end":{"line":77,"column":13}},"29":{"start":{"line":67,"column":8},"end":{"line":76,"column":11}},"30":{"start":{"line":68,"column":12},"end":{"line":73,"column":13}},"31":{"start":{"line":69,"column":16},"end":{"line":69,"column":59}},"32":{"start":{"line":71,"column":16},"end":{"line":72,"column":123}},"33":{"start":{"line":75,"column":12},"end":{"line":75,"column":51}},"34":{"start":{"line":79,"column":4},"end":{"line":79,"column":62}},"35":{"start":{"line":80,"column":4},"end":{"line":80,"column":23}}},"fnMap":{"0":{"name":"makeApp","decl":{"start":{"line":13,"column":9},"end":{"line":13,"column":16}},"loc":{"start":{"line":13,"column":24},"end":{"line":25,"column":1}},"line":13},"1":{"name":"(anonymous_1)","decl":{"start":{"line":32,"column":51},"end":{"line":32,"column":52}},"loc":{"start":{"line":32,"column":67},"end":{"line":78,"column":1}},"line":32},"2":{"name":"(anonymous_2)","decl":{"start":{"line":49,"column":22},"end":{"line":49,"column":23}},"loc":{"start":{"line":49,"column":34},"end":{"line":52,"column":17}},"line":49},"3":{"name":"(anonymous_3)","decl":{"start":{"line":52,"column":25},"end":{"line":52,"column":26}},"loc":{"start":{"line":52,"column":42},"end":{"line":59,"column":17}},"line":52},"4":{"name":"(anonymous_4)","decl":{"start":{"line":66,"column":16},"end":{"line":66,"column":17}},"loc":{"start":{"line":66,"column":22},"end":{"line":77,"column":5}},"line":66},"5":{"name":"(anonymous_5)","decl":{"start":{"line":67,"column":38},"end":{"line":67,"column":39}},"loc":{"start":{"line":67,"column":53},"end":{"line":74,"column":9}},"line":67},"6":{"name":"(anonymous_6)","decl":{"start":{"line":74,"column":17},"end":{"line":74,"column":18}},"loc":{"start":{"line":74,"column":23},"end":{"line":76,"column":9}},"line":74},"7":{"name":"(anonymous_7)","decl":{"start":{"line":78,"column":9},"end":{"line":78,"column":10}},"loc":{"start":{"line":78,"column":25},"end":{"line":81,"column":1}},"line":78}},"branchMap":{"0":{"loc":{"start":{"line":14,"column":4},"end":{"line":24,"column":5}},"type":"if","locations":[{"start":{"line":14,"column":4},"end":{"line":24,"column":5}},{"start":{"line":17,"column":11},"end":{"line":24,"column":5}}],"line":14},"1":{"loc":{"start":{"line":33,"column":4},"end":{"line":64,"column":5}},"type":"if","locations":[{"start":{"line":33,"column":4},"end":{"line":64,"column":5}},{"start":{"line":35,"column":11},"end":{"line":64,"column":5}}],"line":33},"2":{"loc":{"start":{"line":53,"column":20},"end":{"line":58,"column":21}},"type":"if","locations":[{"start":{"line":53,"column":20},"end":{"line":58,"column":21}},{"start":{"line":55,"column":27},"end":{"line":58,"column":21}}],"line":53},"3":{"loc":{"start":{"line":68,"column":12},"end":{"line":73,"column":13}},"type":"if","locations":[{"start":{"line":68,"column":12},"end":{"line":73,"column":13}},{"start":{"line":70,"column":19},"end":{"line":73,"column":13}}],"line":68}},"s":{"0":0,"1":0,"2":0,"3":0,"4":0,"5":0,"6":0,"7":0,"8":0,"9":0,"10":0,"11":0,"12":0,"13":0,"14":0,"15":0,"16":0,"17":0,"18":0,"19":0,"20":0,"21":0,"22":0,"23":0,"24":0,"25":0,"26":0,"27":0,"28":0,"29":0,"30":0,"31":0,"32":0,"33":0,"34":0,"35":0},"f":{"0":0,"1":0,"2":0,"3":0,"4":0,"5":0,"6":0,"7":0},"b":{"0":[0,0],"1":[0,0],"2":[0,0],"3":[0,0]}}
,"C:\\laragon\\www\\WorkoutTracking\\Frontend\\src\\registerServiceWorker.js": {"path":"C:\\laragon\\www\\WorkoutTracking\\Frontend\\src\\registerServiceWorker.js","statementMap":{"0":{"start":{"line":5,"column":0},"end":{"line":32,"column":1}},"1":{"start":{"line":6,"column":2},"end":{"line":31,"column":4}},"2":{"start":{"line":8,"column":6},"end":{"line":11,"column":7}},"3":{"start":{"line":14,"column":6},"end":{"line":14,"column":56}},"4":{"start":{"line":17,"column":6},"end":{"line":17,"column":61}},"5":{"start":{"line":20,"column":6},"end":{"line":20,"column":48}},"6":{"start":{"line":23,"column":6},"end":{"line":23,"column":62}},"7":{"start":{"line":26,"column":6},"end":{"line":26,"column":82}},"8":{"start":{"line":29,"column":6},"end":{"line":29,"column":71}}},"fnMap":{"0":{"name":"(anonymous_0)","decl":{"start":{"line":7,"column":4},"end":{"line":7,"column":5}},"loc":{"start":{"line":7,"column":13},"end":{"line":12,"column":5}},"line":7},"1":{"name":"(anonymous_1)","decl":{"start":{"line":13,"column":4},"end":{"line":13,"column":5}},"loc":{"start":{"line":13,"column":18},"end":{"line":15,"column":5}},"line":13},"2":{"name":"(anonymous_2)","decl":{"start":{"line":16,"column":4},"end":{"line":16,"column":5}},"loc":{"start":{"line":16,"column":14},"end":{"line":18,"column":5}},"line":16},"3":{"name":"(anonymous_3)","decl":{"start":{"line":19,"column":4},"end":{"line":19,"column":5}},"loc":{"start":{"line":19,"column":19},"end":{"line":21,"column":5}},"line":19},"4":{"name":"(anonymous_4)","decl":{"start":{"line":22,"column":4},"end":{"line":22,"column":5}},"loc":{"start":{"line":22,"column":15},"end":{"line":24,"column":5}},"line":22},"5":{"name":"(anonymous_5)","decl":{"start":{"line":25,"column":4},"end":{"line":25,"column":5}},"loc":{"start":{"line":25,"column":15},"end":{"line":27,"column":5}},"line":25},"6":{"name":"(anonymous_6)","decl":{"start":{"line":28,"column":4},"end":{"line":28,"column":5}},"loc":{"start":{"line":28,"column":18},"end":{"line":30,"column":5}},"line":28}},"branchMap":{"0":{"loc":{"start":{"line":5,"column":0},"end":{"line":32,"column":1}},"type":"if","locations":[{"start":{"line":5,"column":0},"end":{"line":32,"column":1}},{"start":{},"end":{}}],"line":5}},"s":{"0":0,"1":0,"2":0,"3":0,"4":0,"5":0,"6":0,"7":0,"8":0},"f":{"0":0,"1":0,"2":0,"3":0,"4":0,"5":0,"6":0},"b":{"0":[0,0]}}
,"C:\\laragon\\www\\WorkoutTracking\\Frontend\\src\\components\\AppFooter.vue": {"path":"C:\\laragon\\www\\WorkoutTracking\\Frontend\\src\\components\\AppFooter.vue","statementMap":{"0":{"start":{"line":4,"column":0},"end":{"line":6,"column":3}},"1":{"start":{"line":7,"column":0},"end":{"line":7,"column":25}},"2":{"start":{"line":8,"column":15},"end":{"line":10,"column":1}},"3":{"start":{"line":13,"column":0},"end":{"line":13,"column":13}},"4":{"start":{"line":15,"column":0},"end":{"line":17,"column":3}},"5":{"start":{"line":18,"column":0},"end":{"line":18,"column":24}},"6":{"start":{"line":19,"column":11},"end":{"line":19,"column":25}},"7":{"start":{"line":20,"column":19},"end":{"line":22,"column":1}},"8":{"start":{"line":24,"column":2},"end":{"line":24,"column":83}},"9":{"start":{"line":25,"column":2},"end":{"line":25,"column":49}}},"fnMap":{"0":{"name":"render","decl":{"start":{"line":23,"column":9},"end":{"line":23,"column":15}},"loc":{"start":{"line":23,"column":30},"end":{"line":25,"column":1}},"line":23}},"branchMap":{},"s":{"0":0,"1":0,"2":0,"3":0,"4":0,"5":0,"6":0,"7":0,"8":0,"9":0},"f":{"0":0},"b":{},"inputSourceMap":{"0":"{","1":"\"","2":"v","3":"e","4":"r","5":"s","6":"i","7":"o","8":"n","9":"\"","10":":","11":"3","12":",","13":"\"","14":"s","15":"o","16":"u","17":"r","18":"c","19":"e","20":"s","21":"\"","22":":","23":"[","24":"\"","25":"C","26":":","27":"\\","28":"\\","29":"l","30":"a","31":"r","32":"a","33":"g","34":"o","35":"n","36":"\\","37":"\\","38":"w","39":"w","40":"w","41":"\\","42":"\\","43":"W","44":"o","45":"r","46":"k","47":"o","48":"u","49":"t","50":"T","51":"r","52":"a","53":"c","54":"k","55":"i","56":"n","57":"g","58":"\\","59":"\\","60":"F","61":"r","62":"o","63":"n","64":"t","65":"e","66":"n","67":"d","68":"\\","69":"\\","70":"s","71":"r","72":"c","73":"\\","74":"\\","75":"c","76":"o","77":"m","78":"p","79":"o","80":"n","81":"e","82":"n","83":"t","84":"s","85":"\\","86":"\\","87":"A","88":"p","89":"p","90":"F","91":"o","92":"o","93":"t","94":"e","95":"r","96":".","97":"v","98":"u","99":"e","100":"\"","101":"]","102":",","103":"\"","104":"n","105":"a","106":"m","107":"e","108":"s","109":"\"","110":":","111":"[","112":"]","113":",","114":"\"","115":"m","116":"a","117":"p","118":"p","119":"i","120":"n","121":"g","122":"s","123":"\"","124":":","125":"\"","126":";","127":";","128":";","129":";","130":";","131":";","132":";","133":"e","134":"A","135":"O","136":"e","137":";","138":"E","139":"A","140":"C","141":"b","142":",","143":"I","144":"A","145":"A","146":"I","147":",","148":"E","149":"A","150":"A","151":"E","152":";","153":"A","154":"A","155":"C","156":"R","157":",","158":"C","159":"A","160":"A","161":"C","162":";","163":"A","164":"A","165":"A","166":"A","167":";","168":"A","169":"A","170":"A","171":"A","172":"\"","173":",","174":"\"","175":"f","176":"i","177":"l","178":"e","179":"\"","180":":","181":"\"","182":"C","183":":","184":"\\","185":"\\","186":"l","187":"a","188":"r","189":"a","190":"g","191":"o","192":"n","193":"\\","194":"\\","195":"w","196":"w","197":"w","198":"\\","199":"\\","200":"W","201":"o","202":"r","203":"k","204":"o","205":"u","206":"t","207":"T","208":"r","209":"a","210":"c","211":"k","212":"i","213":"n","214":"g","215":"\\","216":"\\","217":"F","218":"r","219":"o","220":"n","221":"t","222":"e","223":"n","224":"d","225":"\\","226":"\\","227":"s","228":"r","229":"c","230":"\\","231":"\\","232":"c","233":"o","234":"m","235":"p","236":"o","237":"n","238":"e","239":"n","240":"t","241":"s","242":"\\","243":"\\","244":"A","245":"p","246":"p","247":"F","248":"o","249":"o","250":"t","251":"e","252":"r","253":".","254":"v","255":"u","256":"e","257":"\"","258":",","259":"\"","260":"s","261":"o","262":"u","263":"r","264":"c","265":"e","266":"s","267":"C","268":"o","269":"n","270":"t","271":"e","272":"n","273":"t","274":"\"","275":":","276":"[","277":"\"","278":"<","279":"t","280":"e","281":"m","282":"p","283":"l","284":"a","285":"t","286":"e","287":">","288":"\\","289":"r","290":"\\","291":"n","292":" ","293":" ","294":"<","295":"f","296":"o","297":"o","298":"t","299":"e","300":"r","301":" ","302":"c","303":"l","304":"a","305":"s","306":"s","307":"=","308":"\\","309":"\"","310":"s","311":"i","312":"t","313":"e","314":"-","315":"f","316":"o","317":"o","318":"t","319":"e","320":"r","321":"\\","322":"\"","323":">","324":"\\","325":"r","326":"\\","327":"n","328":"\\","329":"r","330":"\\","331":"n","332":" ","333":" ","334":"<","335":"/","336":"f","337":"o","338":"o","339":"t","340":"e","341":"r","342":">","343":"\\","344":"r","345":"\\","346":"n","347":"<","348":"/","349":"t","350":"e","351":"m","352":"p","353":"l","354":"a","355":"t","356":"e","357":">","358":"\\","359":"r","360":"\\","361":"n","362":"\\","363":"r","364":"\\","365":"n","366":"<","367":"s","368":"c","369":"r","370":"i","371":"p","372":"t","373":">","374":"\\","375":"r","376":"\\","377":"n","378":"e","379":"x","380":"p","381":"o","382":"r","383":"t","384":" ","385":"d","386":"e","387":"f","388":"a","389":"u","390":"l","391":"t","392":" ","393":"{","394":"\\","395":"r","396":"\\","397":"n","398":" ","399":" ","400":"n","401":"a","402":"m","403":"e","404":":","405":" ","406":"\\","407":"\"","408":"A","409":"p","410":"p","411":"F","412":"o","413":"o","414":"t","415":"e","416":"r","417":"\\","418":"\"","419":",","420":"\\","421":"r","422":"\\","423":"n","424":"}","425":";","426":"\\","427":"r","428":"\\","429":"n","430":"<","431":"/","432":"s","433":"c","434":"r","435":"i","436":"p","437":"t","438":">","439":"\\","440":"r","441":"\\","442":"n","443":"\"","444":"]","445":"}"}}
,"C:\\laragon\\www\\WorkoutTracking\\Frontend\\src\\components\\AppHeader.vue": {"path":"C:\\laragon\\www\\WorkoutTracking\\Frontend\\src\\components\\AppHeader.vue","statementMap":{"0":{"start":{"line":4,"column":0},"end":{"line":6,"column":3}},"1":{"start":{"line":7,"column":0},"end":{"line":7,"column":25}},"2":{"start":{"line":8,"column":15},"end":{"line":21,"column":1}},"3":{"start":{"line":11,"column":4},"end":{"line":14,"column":6}},"4":{"start":{"line":18,"column":6},"end":{"line":18,"column":36}},"5":{"start":{"line":24,"column":0},"end":{"line":24,"column":13}},"6":{"start":{"line":26,"column":0},"end":{"line":28,"column":3}},"7":{"start":{"line":29,"column":0},"end":{"line":29,"column":24}},"8":{"start":{"line":30,"column":11},"end":{"line":30,"column":25}},"9":{"start":{"line":31,"column":19},"end":{"line":33,"column":1}},"10":{"start":{"line":34,"column":19},"end":{"line":36,"column":1}},"11":{"start":{"line":37,"column":19},"end":{"line":39,"column":1}},"12":{"start":{"line":40,"column":19},"end":{"line":43,"column":1}},"13":{"start":{"line":45,"column":33},"end":{"line":45,"column":74}},"14":{"start":{"line":46,"column":2},"end":{"line":62,"column":67}},"15":{"start":{"line":50,"column":37},"end":{"line":50,"column":76}},"16":{"start":{"line":56,"column":37},"end":{"line":56,"column":73}},"17":{"start":{"line":61,"column":52},"end":{"line":61,"column":87}},"18":{"start":{"line":63,"column":2},"end":{"line":63,"column":49}}},"fnMap":{"0":{"name":"(anonymous_0)","decl":{"start":{"line":10,"column":2},"end":{"line":10,"column":3}},"loc":{"start":{"line":10,"column":9},"end":{"line":15,"column":3}},"line":10},"1":{"name":"(anonymous_1)","decl":{"start":{"line":17,"column":4},"end":{"line":17,"column":5}},"loc":{"start":{"line":17,"column":19},"end":{"line":19,"column":5}},"line":17},"2":{"name":"render","decl":{"start":{"line":44,"column":9},"end":{"line":44,"column":15}},"loc":{"start":{"line":44,"column":30},"end":{"line":63,"column":1}},"line":44},"3":{"name":"(anonymous_3)","decl":{"start":{"line":50,"column":31},"end":{"line":50,"column":32}},"loc":{"start":{"line":50,"column":37},"end":{"line":50,"column":76}},"line":50},"4":{"name":"(anonymous_4)","decl":{"start":{"line":56,"column":31},"end":{"line":56,"column":32}},"loc":{"start":{"line":56,"column":37},"end":{"line":56,"column":73}},"line":56},"5":{"name":"(anonymous_5)","decl":{"start":{"line":61,"column":39},"end":{"line":61,"column":40}},"loc":{"start":{"line":61,"column":52},"end":{"line":61,"column":87}},"line":61}},"branchMap":{"0":{"loc":{"start":{"line":58,"column":10},"end":{"line":62,"column":62}},"type":"cond-expr","locations":[{"start":{"line":58,"column":34},"end":{"line":62,"column":16}},{"start":{"line":62,"column":20},"end":{"line":62,"column":62}}],"line":58},"1":{"loc":{"start":{"line":61,"column":13},"end":{"line":61,"column":88}},"type":"binary-expr","locations":[{"start":{"line":61,"column":13},"end":{"line":61,"column":22}},{"start":{"line":61,"column":27},"end":{"line":61,"column":87}}],"line":61},"2":{"loc":{"start":{"line":61,"column":52},"end":{"line":61,"column":87}},"type":"binary-expr","locations":[{"start":{"line":61,"column":52},"end":{"line":61,"column":63}},{"start":{"line":61,"column":67},"end":{"line":61,"column":87}}],"line":61}},"s":{"0":0,"1":0,"2":0,"3":0,"4":0,"5":0,"6":0,"7":0,"8":0,"9":0,"10":0,"11":0,"12":0,"13":0,"14":0,"15":0,"16":0,"17":0,"18":0},"f":{"0":0,"1":0,"2":0,"3":0,"4":0,"5":0},"b":{"0":[0,0],"1":[0,0],"2":[0,0]},"inputSourceMap":{"0":"{","1":"\"","2":"v","3":"e","4":"r","5":"s","6":"i","7":"o","8":"n","9":"\"","10":":","11":"3","12":",","13":"\"","14":"s","15":"o","16":"u","17":"r","18":"c","19":"e","20":"s","21":"\"","22":":","23":"[","24":"\"","25":"C","26":":","27":"\\","28":"\\","29":"l","30":"a","31":"r","32":"a","33":"g","34":"o","35":"n","36":"\\","37":"\\","38":"w","39":"w","40":"w","41":"\\","42":"\\","43":"W","44":"o","45":"r","46":"k","47":"o","48":"u","49":"t","50":"T","51":"r","52":"a","53":"c","54":"k","55":"i","56":"n","57":"g","58":"\\","59":"\\","60":"F","61":"r","62":"o","63":"n","64":"t","65":"e","66":"n","67":"d","68":"\\","69":"\\","70":"s","71":"r","72":"c","73":"\\","74":"\\","75":"c","76":"o","77":"m","78":"p","79":"o","80":"n","81":"e","82":"n","83":"t","84":"s","85":"\\","86":"\\","87":"A","88":"p","89":"p","90":"H","91":"e","92":"a","93":"d","94":"e","95":"r","96":".","97":"v","98":"u","99":"e","100":"\"","101":"]","102":",","103":"\"","104":"n","105":"a","106":"m","107":"e","108":"s","109":"\"","110":":","111":"[","112":"]","113":",","114":"\"","115":"m","116":"a","117":"p","118":"p","119":"i","120":"n","121":"g","122":"s","123":"\"","124":":","125":"\"","126":";","127":";","128":";","129":";","130":";","131":";","132":";","133":"e","134":"A","135":"o","136":"B","137":"e","138":";","139":"E","140":"A","141":"C","142":"b","143":",","144":"I","145":"A","146":"A","147":"I","148":",","149":"E","150":"A","151":"A","152":"E","153":",","154":"W","155":"A","156":"A","157":"W","158":";","159":"E","160":"A","161":"C","162":"j","163":"B","164":",","165":"I","166":"A","167":"A","168":"I","169":",","170":"G","171":"A","172":"A","173":"G","174":";","175":"I","176":"A","177":"C","178":"L","179":",","180":"O","181":"A","182":"A","183":"O","184":";","185":"M","186":"A","187":"C","188":"L","189":",","190":"e","191":"A","192":"A","193":"e","194":",","195":"E","196":"A","197":"A","198":"E","199":",","200":"I","201":"A","202":"A","203":"I","204":",","205":"C","206":"A","207":"A","208":"C","209":",","210":"S","211":"A","212":"A","213":"S","214":",","215":"C","216":"A","217":"A","218":"C","219":",","220":"a","221":"A","222":"A","223":"a","224":";","225":"M","226":"A","227":"C","228":"7","229":"C","230":",","231":"I","232":"A","233":"A","234":"I","235":",","236":"E","237":"A","238":"A","239":"E","240":",","241":"I","242":"A","243":"A","244":"I","245":",","246":"C","247":"A","248":"A","249":"C","250":",","251":"S","252":"A","253":"A","254":"S","255":",","256":"C","257":"A","258":"A","259":"C","260":";","261":"I","262":"A","263":"C","264":"v","265":"B","266":",","267":"C","268":"A","269":"A","270":"C","271":";","272":"E","273":"A","274":"C","275":"H","276":",","277":"C","278":"A","279":"A","280":"C","281":";","282":"E","283":"A","284":"C","285":"D","286":",","287":"O","288":"A","289":"A","290":"O","291":",","292":"E","293":"A","294":"A","295":"E","296":";","297":"I","298":"A","299":"C","300":"P","301":",","302":"M","303":"A","304":"A","305":"M","306":",","307":"M","308":"A","309":"A","310":"M","311":",","312":"G","313":"A","314":"A","315":"G","316":";","317":"M","318":"A","319":"C","320":"b","321":",","322":"M","323":"A","324":"A","325":"M","326":",","327":"I","328":"A","329":"A","330":"I","331":",","332":"C","333":"A","334":"A","335":"C","336":",","337":"S","338":"A","339":"A","340":"S","341":",","342":"C","343":"A","344":"A","345":"C","346":",","347":"M","348":"A","349":"A","350":"M","351":",","352":"E","353":"A","354":"A","355":"E","356":";","357":"I","358":"A","359":"C","360":"/","361":"B","362":";","363":"E","364":"A","365":"C","366":"F","367":";","368":"A","369":"A","370":"C","371":"F","372":",","373":"C","374":"A","375":"A","376":"C","377":";","378":"A","379":"A","380":"A","381":"A","382":";","383":"A","384":"A","385":"A","386":"A","387":"\"","388":",","389":"\"","390":"f","391":"i","392":"l","393":"e","394":"\"","395":":","396":"\"","397":"C","398":":","399":"\\","400":"\\","401":"l","402":"a","403":"r","404":"a","405":"g","406":"o","407":"n","408":"\\","409":"\\","410":"w","411":"w","412":"w","413":"\\","414":"\\","415":"W","416":"o","417":"r","418":"k","419":"o","420":"u","421":"t","422":"T","423":"r","424":"a","425":"c","426":"k","427":"i","428":"n","429":"g","430":"\\","431":"\\","432":"F","433":"r","434":"o","435":"n","436":"t","437":"e","438":"n","439":"d","440":"\\","441":"\\","442":"s","443":"r","444":"c","445":"\\","446":"\\","447":"c","448":"o","449":"m","450":"p","451":"o","452":"n","453":"e","454":"n","455":"t","456":"s","457":"\\","458":"\\","459":"A","460":"p","461":"p","462":"H","463":"e","464":"a","465":"d","466":"e","467":"r","468":".","469":"v","470":"u","471":"e","472":"\"","473":",","474":"\"","475":"s","476":"o","477":"u","478":"r","479":"c","480":"e","481":"s","482":"C","483":"o","484":"n","485":"t","486":"e","487":"n","488":"t","489":"\"","490":":","491":"[","492":"\"","493":"<","494":"t","495":"e","496":"m","497":"p","498":"l","499":"a","500":"t","501":"e","502":">","503":"\\","504":"r","505":"\\","506":"n","507":" ","508":" ","509":"<","510":"d","511":"i","512":"v","513":" ","514":"c","515":"l","516":"a","517":"s","518":"s","519":"=","520":"\\","521":"\"","522":"c","523":"o","524":"n","525":"t","526":"a","527":"i","528":"n","529":"e","530":"r","531":"\\","532":"\"","533":">","534":"\\","535":"r","536":"\\","537":"n","538":" ","539":" ","540":" ","541":" ","542":"<","543":"d","544":"i","545":"v","546":" ","547":"c","548":"l","549":"a","550":"s","551":"s","552":"=","553":"\\","554":"\"","555":"d","556":"-","557":"f","558":"l","559":"e","560":"x","561":" ","562":"f","563":"l","564":"e","565":"x","566":"-","567":"w","568":"r","569":"a","570":"p","571":" ","572":"a","573":"l","574":"i","575":"g","576":"n","577":"-","578":"i","579":"t","580":"e","581":"m","582":"s","583":"-","584":"c","585":"e","586":"n","587":"t","588":"e","589":"r","590":" ","591":"j","592":"u","593":"s","594":"t","595":"i","596":"f","597":"y","598":"-","599":"c","600":"o","601":"n","602":"t","603":"e","604":"n","605":"t","606":"-","607":"c","608":"e","609":"n","610":"t","611":"e","612":"r","613":" ","614":"j","615":"u","616":"s","617":"t","618":"i","619":"f","620":"y","621":"-","622":"c","623":"o","624":"n","625":"t","626":"e","627":"n","628":"t","629":"-","630":"l","631":"g","632":"-","633":"s","634":"t","635":"a","636":"r","637":"t","638":"\\","639":"\"","640":">","641":"\\","642":"r","643":"\\","644":"n","645":" ","646":" ","647":" ","648":" ","649":" ","650":" ","651":"<","652":"u","653":"l","654":" ","655":"c","656":"l","657":"a","658":"s","659":"s","660":"=","661":"\\","662":"\"","663":"n","664":"a","665":"v","666":" ","667":"c","668":"o","669":"l","670":"-","671":"1","672":"2","673":" ","674":"c","675":"o","676":"l","677":"-","678":"l","679":"g","680":"-","681":"a","682":"u","683":"t","684":"o","685":" ","686":"m","687":"e","688":"-","689":"l","690":"g","691":"-","692":"a","693":"u","694":"t","695":"o","696":" ","697":"m","698":"b","699":"-","700":"2","701":" ","702":"j","703":"u","704":"s","705":"t","706":"i","707":"f","708":"y","709":"-","710":"c","711":"o","712":"n","713":"t","714":"e","715":"n","716":"t","717":"-","718":"c","719":"e","720":"n","721":"t","722":"e","723":"r","724":" ","725":"m","726":"b","727":"-","728":"m","729":"d","730":"-","731":"0","732":"\\","733":"\"","734":">","735":"\\","736":"r","737":"\\","738":"n","739":" ","740":" ","741":" ","742":" ","743":" ","744":" ","745":" ","746":" ","747":"<","748":"l","749":"i","750":">","751":"\\","752":"r","753":"\\","754":"n","755":" ","756":" ","757":" ","758":" ","759":" ","760":" ","761":" ","762":" ","763":" ","764":" ","765":"<","766":"r","767":"o","768":"u","769":"t","770":"e","771":"r","772":"-","773":"l","774":"i","775":"n","776":"k","777":" ","778":"t","779":"o","780":"=","781":"\\","782":"\"","783":"/","784":"\\","785":"\"","786":" ","787":"c","788":"l","789":"a","790":"s","791":"s","792":"=","793":"\\","794":"\"","795":"n","796":"a","797":"v","798":"-","799":"l","800":"i","801":"n","802":"k","803":" ","804":"p","805":"x","806":"-","807":"2","808":"\\","809":"\"","810":">","811":"W","812":"o","813":"r","814":"k","815":"o","816":"u","817":"t","818":"s","819":"<","820":"/","821":"r","822":"o","823":"u","824":"t","825":"e","826":"r","827":"-","828":"l","829":"i","830":"n","831":"k","832":">","833":"\\","834":"r","835":"\\","836":"n","837":" ","838":" ","839":" ","840":" ","841":" ","842":" ","843":" ","844":" ","845":"<","846":"/","847":"l","848":"i","849":">","850":"\\","851":"r","852":"\\","853":"n","854":" ","855":" ","856":" ","857":" ","858":" ","859":" ","860":" ","861":" ","862":"<","863":"l","864":"i","865":">","866":"\\","867":"r","868":"\\","869":"n","870":" ","871":" ","872":" ","873":" ","874":" ","875":" ","876":" ","877":" ","878":" ","879":" ","880":"<","881":"r","882":"o","883":"u","884":"t","885":"e","886":"r","887":"-","888":"l","889":"i","890":"n","891":"k","892":" ","893":"t","894":"o","895":"=","896":"\\","897":"\"","898":"/","899":"s","900":"t","901":"a","902":"t","903":"s","904":"\\","905":"\"","906":" ","907":"c","908":"l","909":"a","910":"s","911":"s","912":"=","913":"\\","914":"\"","915":"n","916":"a","917":"v","918":"-","919":"l","920":"i","921":"n","922":"k","923":" ","924":"p","925":"x","926":"-","927":"2","928":"\\","929":"\"","930":">","931":"S","932":"t","933":"a","934":"t","935":"s","936":"<","937":"/","938":"r","939":"o","940":"u","941":"t","942":"e","943":"r","944":"-","945":"l","946":"i","947":"n","948":"k","949":">","950":"\\","951":"r","952":"\\","953":"n","954":" ","955":" ","956":" ","957":" ","958":" ","959":" ","960":" ","961":" ","962":"<","963":"/","964":"l","965":"i","966":">","967":"\\","968":"r","969":"\\","970":"n","971":" ","972":" ","973":" ","974":" ","975":" ","976":" ","977":"<","978":"/","979":"u","980":"l","981":">","982":"\\","983":"r","984":"\\","985":"n","986":" ","987":" ","988":" ","989":" ","990":" ","991":" ","992":"<","993":"d","994":"i","995":"v","996":" ","997":"v","998":"-","999":"i","1000":"f","1001":"=","1002":"\\","1003":"\"","1004":"i","1005":"s","1006":"A","1007":"u","1008":"t","1009":"h","1010":"e","1011":"n","1012":"t","1013":"i","1014":"c","1015":"a","1016":"t","1017":"e","1018":"d","1019":"\\","1020":"\"","1021":" ","1022":"c","1023":"l","1024":"a","1025":"s","1026":"s","1027":"=","1028":"\\","1029":"\"","1030":"t","1031":"e","1032":"x","1033":"t","1034":"-","1035":"e","1036":"n","1037":"d","1038":"\\","1039":"\"","1040":">","1041":"\\","1042":"r","1043":"\\","1044":"n","1045":" ","1046":" ","1047":" ","1048":" ","1049":" ","1050":" ","1051":" ","1052":" ","1053":"{","1054":"{","1055":"u","1056":"s","1057":"e","1058":"r","1059":".","1060":"e","1061":"m","1062":"a","1063":"i","1064":"l","1065":"}","1066":"}","1067":"\\","1068":"r","1069":"\\","1070":"n","1071":" ","1072":" ","1073":" ","1074":" ","1075":" ","1076":" ","1077":" ","1078":" ","1079":"<","1080":"b","1081":"u","1082":"t","1083":"t","1084":"o","1085":"n","1086":" ","1087":"t","1088":"y","1089":"p","1090":"e","1091":"=","1092":"\\","1093":"\"","1094":"b","1095":"u","1096":"t","1097":"t","1098":"o","1099":"n","1100":"\\","1101":"\"","1102":" ","1103":"c","1104":"l","1105":"a","1106":"s","1107":"s","1108":"=","1109":"\\","1110":"\"","1111":"b","1112":"t","1113":"n","1114":" ","1115":"b","1116":"t","1117":"n","1118":"-","1119":"o","1120":"u","1121":"t","1122":"l","1123":"i","1124":"n","1125":"e","1126":"-","1127":"l","1128":"i","1129":"g","1130":"h","1131":"t","1132":" ","1133":"m","1134":"e","1135":"-","1136":"2","1137":"\\","1138":"\"","1139":" ","1140":"@","1141":"c","1142":"l","1143":"i","1144":"c","1145":"k","1146":"=","1147":"\\","1148":"\"","1149":"l","1150":"o","1151":"g","1152":"o","1153":"u","1154":"t","1155":"\\","1156":"\"","1157":">","1158":"L","1159":"o","1160":"g","1161":"o","1162":"u","1163":"t","1164":"<","1165":"/","1166":"b","1167":"u","1168":"t","1169":"t","1170":"o","1171":"n","1172":">","1173":"\\","1174":"r","1175":"\\","1176":"n","1177":" ","1178":" ","1179":" ","1180":" ","1181":" ","1182":" ","1183":"<","1184":"/","1185":"d","1186":"i","1187":"v","1188":">","1189":"\\","1190":"r","1191":"\\","1192":"n","1193":" ","1194":" ","1195":" ","1196":" ","1197":"<","1198":"/","1199":"d","1200":"i","1201":"v","1202":">","1203":"\\","1204":"r","1205":"\\","1206":"n","1207":" ","1208":" ","1209":"<","1210":"/","1211":"d","1212":"i","1213":"v","1214":">","1215":"\\","1216":"r","1217":"\\","1218":"n","1219":"<","1220":"/","1221":"t","1222":"e","1223":"m","1224":"p","1225":"l","1226":"a","1227":"t","1228":"e","1229":">","1230":"\\","1231":"r","1232":"\\","1233":"n","1234":"\\","1235":"r","1236":"\\","1237":"n","1238":"<","1239":"s","1240":"c","1241":"r","1242":"i","1243":"p","1244":"t","1245":">","1246":"\\","1247":"r","1248":"\\","1249":"n","1250":"e","1251":"x","1252":"p","1253":"o","1254":"r","1255":"t","1256":" ","1257":"d","1258":"e","1259":"f","1260":"a","1261":"u","1262":"l","1263":"t","1264":" ","1265":"{","1266":"\\","1267":"r","1268":"\\","1269":"n","1270":" ","1271":" ","1272":"n","1273":"a","1274":"m","1275":"e","1276":":","1277":" ","1278":"\\","1279":"\"","1280":"A","1281":"p","1282":"p","1283":"H","1284":"e","1285":"a","1286":"d","1287":"e","1288":"r","1289":"\\","1290":"\"","1291":",","1292":"\\","1293":"r","1294":"\\","1295":"n","1296":" ","1297":" ","1298":"d","1299":"a","1300":"t","1301":"a","1302":"(","1303":")","1304":" ","1305":"{","1306":"\\","1307":"r","1308":"\\","1309":"n","1310":" ","1311":" ","1312":" ","1313":" ","1314":"r","1315":"e","1316":"t","1317":"u","1318":"r","1319":"n","1320":" ","1321":"{","1322":"\\","1323":"r","1324":"\\","1325":"n","1326":" ","1327":" ","1328":" ","1329":" ","1330":" ","1331":" ","1332":"i","1333":"s","1334":"A","1335":"u","1336":"t","1337":"h","1338":"e","1339":"n","1340":"t","1341":"i","1342":"c","1343":"a","1344":"t","1345":"e","1346":"d","1347":":","1348":" ","1349":"t","1350":"h","1351":"i","1352":"s","1353":".","1354":"$","1355":"k","1356":"e","1357":"y","1358":"c","1359":"l","1360":"o","1361":"a","1362":"k","1363":".","1364":"a","1365":"u","1366":"t","1367":"h","1368":"e","1369":"n","1370":"t","1371":"i","1372":"c","1373":"a","1374":"t","1375":"e","1376":"d","1377":",","1378":"\\","1379":"r","1380":"\\","1381":"n","1382":" ","1383":" ","1384":" ","1385":" ","1386":" ","1387":" ","1388":"u","1389":"s","1390":"e","1391":"r","1392":":","1393":" ","1394":"t","1395":"h","1396":"i","1397":"s","1398":".","1399":"$","1400":"k","1401":"e","1402":"y","1403":"c","1404":"l","1405":"o","1406":"a","1407":"k","1408":".","1409":"p","1410":"r","1411":"o","1412":"f","1413":"i","1414":"l","1415":"e","1416":",","1417":"\\","1418":"r","1419":"\\","1420":"n","1421":" ","1422":" ","1423":" ","1424":" ","1425":"}","1426":"\\","1427":"r","1428":"\\","1429":"n","1430":" ","1431":" ","1432":"}","1433":",","1434":"\\","1435":"r","1436":"\\","1437":"n","1438":" ","1439":" ","1440":"m","1441":"e","1442":"t","1443":"h","1444":"o","1445":"d","1446":"s","1447":":","1448":" ","1449":"{","1450":"\\","1451":"r","1452":"\\","1453":"n","1454":" ","1455":" ","1456":" ","1457":" ","1458":"a","1459":"s","1460":"y","1461":"n","1462":"c","1463":" ","1464":"l","1465":"o","1466":"g","1467":"o","1468":"u","1469":"t","1470":"(","1471":")","1472":" ","1473":"{","1474":"\\","1475":"r","1476":"\\","1477":"n","1478":" ","1479":" ","1480":" ","1481":" ","1482":" ","1483":" ","1484":"a","1485":"w","1486":"a","1487":"i","1488":"t","1489":" ","1490":"t","1491":"h","1492":"i","1493":"s","1494":".","1495":"$","1496":"k","1497":"e","1498":"y","1499":"c","1500":"l","1501":"o","1502":"a","1503":"k","1504":".","1505":"l","1506":"o","1507":"g","1508":"o","1509":"u","1510":"t","1511":"(","1512":")","1513":";","1514":"\\","1515":"r","1516":"\\","1517":"n","1518":" ","1519":" ","1520":" ","1521":" ","1522":"}","1523":"\\","1524":"r","1525":"\\","1526":"n","1527":" ","1528":" ","1529":"}","1530":"\\","1531":"r","1532":"\\","1533":"n","1534":"}","1535":";","1536":"\\","1537":"r","1538":"\\","1539":"n","1540":"<","1541":"/","1542":"s","1543":"c","1544":"r","1545":"i","1546":"p","1547":"t","1548":">","1549":"\\","1550":"r","1551":"\\","1552":"n","1553":"\\","1554":"r","1555":"\\","1556":"n","1557":"<","1558":"s","1559":"t","1560":"y","1561":"l","1562":"e","1563":" ","1564":"s","1565":"c","1566":"o","1567":"p","1568":"e","1569":"d","1570":">","1571":"\\","1572":"r","1573":"\\","1574":"n","1575":"l","1576":"i","1577":" ","1578":"a","1579":" ","1580":"{","1581":"\\","1582":"r","1583":"\\","1584":"n","1585":" ","1586":" ","1587":"c","1588":"o","1589":"l","1590":"o","1591":"r","1592":":","1593":" ","1594":"w","1595":"h","1596":"i","1597":"t","1598":"e","1599":" ","1600":"!","1601":"i","1602":"m","1603":"p","1604":"o","1605":"r","1606":"t","1607":"a","1608":"n","1609":"t","1610":";","1611":"\\","1612":"r","1613":"\\","1614":"n","1615":" ","1616":" ","1617":"t","1618":"e","1619":"x","1620":"t","1621":"-","1622":"d","1623":"e","1624":"c","1625":"o","1626":"r","1627":"a","1628":"t","1629":"i","1630":"o","1631":"n","1632":":","1633":" ","1634":"n","1635":"o","1636":"n","1637":"e","1638":" ","1639":"!","1640":"i","1641":"m","1642":"p","1643":"o","1644":"r","1645":"t","1646":"a","1647":"n","1648":"t","1649":";","1650":"\\","1651":"r","1652":"\\","1653":"n","1654":"}","1655":"\\","1656":"r","1657":"\\","1658":"n","1659":"\\","1660":"r","1661":"\\","1662":"n","1663":"l","1664":"i","1665":" ","1666":"a","1667":":","1668":"h","1669":"o","1670":"v","1671":"e","1672":"r","1673":" ","1674":"{","1675":"\\","1676":"r","1677":"\\","1678":"n","1679":" ","1680":" ","1681":"c","1682":"o","1683":"l","1684":"o","1685":"r","1686":":","1687":" ","1688":"#","1689":"3","1690":"4","1691":"D","1692":"2","1693":"C","1694":"1","1695":" ","1696":"!","1697":"i","1698":"m","1699":"p","1700":"o","1701":"r","1702":"t","1703":"a","1704":"n","1705":"t","1706":";","1707":"\\","1708":"r","1709":"\\","1710":"n","1711":"}","1712":"\\","1713":"r","1714":"\\","1715":"n","1716":"\\","1717":"r","1718":"\\","1719":"n","1720":"l","1721":"i","1722":" ","1723":"a","1724":".","1725":"r","1726":"o","1727":"u","1728":"t","1729":"e","1730":"r","1731":"-","1732":"l","1733":"i","1734":"n","1735":"k","1736":"-","1737":"a","1738":"c","1739":"t","1740":"i","1741":"v","1742":"e","1743":" ","1744":"{","1745":"\\","1746":"r","1747":"\\","1748":"n","1749":" ","1750":" ","1751":"c","1752":"o","1753":"l","1754":"o","1755":"r","1756":":","1757":" ","1758":"#","1759":"3","1760":"4","1761":"D","1762":"2","1763":"C","1764":"1","1765":" ","1766":"!","1767":"i","1768":"m","1769":"p","1770":"o","1771":"r","1772":"t","1773":"a","1774":"n","1775":"t","1776":";","1777":"\\","1778":"r","1779":"\\","1780":"n","1781":"}","1782":"\\","1783":"r","1784":"\\","1785":"n","1786":"<","1787":"/","1788":"s","1789":"t","1790":"y","1791":"l","1792":"e","1793":">","1794":"\"","1795":"]","1796":"}"}}
,"C:\\laragon\\www\\WorkoutTracking\\Frontend\\src\\components\\StartNewWorkout.vue": {"path":"C:\\laragon\\www\\WorkoutTracking\\Frontend\\src\\components\\StartNewWorkout.vue","statementMap":{"0":{"start":{"line":4,"column":29},"end":{"line":4,"column":148}},"1":{"start":{"line":5,"column":0},"end":{"line":7,"column":3}},"2":{"start":{"line":8,"column":0},"end":{"line":8,"column":25}},"3":{"start":{"line":9,"column":0},"end":{"line":9,"column":44}},"4":{"start":{"line":71,"column":0},"end":{"line":71,"column":13}},"5":{"start":{"line":73,"column":0},"end":{"line":75,"column":3}},"6":{"start":{"line":76,"column":0},"end":{"line":76,"column":24}},"7":{"start":{"line":77,"column":11},"end":{"line":77,"column":25}},"8":{"start":{"line":78,"column":19},"end":{"line":80,"column":1}},"9":{"start":{"line":81,"column":19},"end":{"line":81,"column":31}},"10":{"start":{"line":83,"column":2},"end":{"line":97,"column":82}},"11":{"start":{"line":85,"column":77},"end":{"line":85,"column":124}},"12":{"start":{"line":88,"column":63},"end":{"line":88,"column":86}},"13":{"start":{"line":98,"column":2},"end":{"line":98,"column":49}}},"fnMap":{"0":{"name":"render","decl":{"start":{"line":82,"column":9},"end":{"line":82,"column":15}},"loc":{"start":{"line":82,"column":30},"end":{"line":98,"column":1}},"line":82},"1":{"name":"(anonymous_1)","decl":{"start":{"line":85,"column":64},"end":{"line":85,"column":65}},"loc":{"start":{"line":85,"column":77},"end":{"line":85,"column":124}},"line":85},"2":{"name":"(anonymous_2)","decl":{"start":{"line":88,"column":53},"end":{"line":88,"column":54}},"loc":{"start":{"line":88,"column":63},"end":{"line":88,"column":86}},"line":88}},"branchMap":{"0":{"loc":{"start":{"line":85,"column":14},"end":{"line":85,"column":139}},"type":"binary-expr","locations":[{"start":{"line":85,"column":14},"end":{"line":85,"column":23}},{"start":{"line":85,"column":28},"end":{"line":85,"column":138}}],"line":85},"1":{"loc":{"start":{"line":85,"column":77},"end":{"line":85,"column":124}},"type":"binary-expr","locations":[{"start":{"line":85,"column":77},"end":{"line":85,"column":94}},{"start":{"line":85,"column":98},"end":{"line":85,"column":124}}],"line":85},"2":{"loc":{"start":{"line":88,"column":27},"end":{"line":88,"column":87}},"type":"binary-expr","locations":[{"start":{"line":88,"column":27},"end":{"line":88,"column":36}},{"start":{"line":88,"column":41},"end":{"line":88,"column":86}}],"line":88}},"s":{"0":1,"1":1,"2":1,"3":1,"4":1,"5":1,"6":1,"7":1,"8":1,"9":1,"10":1,"11":0,"12":0,"13":1},"f":{"0":1,"1":0,"2":0},"b":{"0":[1,1],"1":[0,0],"2":[1,1]},"inputSourceMap":{"0":"{","1":"\"","2":"v","3":"e","4":"r","5":"s","6":"i","7":"o","8":"n","9":"\"","10":":","11":"3","12":",","13":"\"","14":"s","15":"o","16":"u","17":"r","18":"c","19":"e","20":"s","21":"\"","22":":","23":"[","24":"\"","25":"C","26":":","27":"\\","28":"\\","29":"l","30":"a","31":"r","32":"a","33":"g","34":"o","35":"n","36":"\\","37":"\\","38":"w","39":"w","40":"w","41":"\\","42":"\\","43":"W","44":"o","45":"r","46":"k","47":"o","48":"u","49":"t","50":"T","51":"r","52":"a","53":"c","54":"k","55":"i","56":"n","57":"g","58":"\\","59":"\\","60":"F","61":"r","62":"o","63":"n","64":"t","65":"e","66":"n","67":"d","68":"\\","69":"\\","70":"s","71":"r","72":"c","73":"\\","74":"\\","75":"c","76":"o","77":"m","78":"p","79":"o","80":"n","81":"e","82":"n","83":"t","84":"s","85":"\\","86":"\\","87":"S","88":"t","89":"a","90":"r","91":"t","92":"N","93":"e","94":"w","95":"W","96":"o","97":"r","98":"k","99":"o","100":"u","101":"t","102":".","103":"v","104":"u","105":"e","106":"\"","107":"]","108":",","109":"\"","110":"n","111":"a","112":"m","113":"e","114":"s","115":"\"","116":":","117":"[","118":"]","119":",","120":"\"","121":"m","122":"a","123":"p","124":"p","125":"i","126":"n","127":"g","128":"s","129":"\"","130":":","131":"\"","132":";","133":";","134":";","135":";","136":";","137":";","138":";","139":";","140":";","141":"A","142":"A","143":"Y","144":"A","145":";","146":"A","147":"A","148":"A","149":"A","150":";","151":"A","152":"A","153":"A","154":"A","155":";","156":"A","157":"A","158":"C","159":"A","160":";","161":"A","162":"A","163":"A","164":"A","165":";","166":"A","167":"A","168":"A","169":"A","170":";","171":"A","172":"A","173":"A","174":"8","175":"B","176":";","177":"A","178":"A","179":"A","180":"A","181":",","182":"e","183":"A","184":"E","185":"f","186":";","187":"E","188":"A","189":"C","190":"b","191":",","192":"I","193":"A","194":"A","195":"I","196":",","197":"E","198":"A","199":"A","200":"E","201":",","202":"i","203":"B","204":"A","205":"A","206":"i","207":"B","208":";","209":"E","210":"A","211":"C","212":"v","213":"B","214":",","215":"I","216":"A","217":"A","218":"I","219":",","220":"G","221":"A","222":"A","223":"G","224":";","225":"I","226":"A","227":"C","228":"L","229":",","230":"O","231":"A","232":"A","233":"O","234":";","235":"M","236":"A","237":"C","238":"L","239":",","240":"I","241":"A","242":"A","243":"I","244":",","245":"E","246":"A","247":"A","248":"E","249":";","250":"Q","251":"A","252":"C","253":"J","254":",","255":"I","256":"A","257":"A","258":"I","259":",","260":"E","261":"A","262":"A","263":"E","264":";","265":"M","266":"A","267":"C","268":"R","269":";","270":"I","271":"A","272":"C","273":"F","274":",","275":"C","276":"A","277":"A","278":"C","279":";","280":"E","281":"A","282":"C","283":"H","284":",","285":"C","286":"A","287":"A","288":"C","289":";","290":"E","291":"A","292":"C","293":"D","294":",","295":"Q","296":"A","297":"A","298":"Q","299":",","300":"E","301":"A","302":"A","303":"E","304":";","305":"I","306":"A","307":"C","308":"R","309":",","310":"W","311":"A","312":"A","313":"W","314":",","315":"G","316":"A","317":"A","318":"G","319":";","320":"M","321":"A","322":"C","323":"Z","324":",","325":"O","326":"A","327":"A","328":"O","329":",","330":"C","331":"A","332":"A","333":"C","334":",","335":"C","336":"A","337":"A","338":"C","339":",","340":"I","341":"A","342":"A","343":"I","344":",","345":"C","346":"A","347":"A","348":"C","349":",","350":"I","351":"A","352":"A","353":"I","354":",","355":"C","356":"A","357":"A","358":"C","359":",","360":"I","361":"A","362":"A","363":"I","364":";","365":"I","366":"A","367":"C","368":"z","369":"B","370":";","371":"E","372":"A","373":"C","374":"F","375":",","376":"C","377":"A","378":"A","379":"C","380":";","381":"E","382":"A","383":"C","384":"D","385":",","386":"O","387":"A","388":"A","389":"O","390":",","391":"E","392":"A","393":"A","394":"E","395":";","396":"I","397":"A","398":"C","399":"P","400":",","401":"M","402":"A","403":"A","404":"M","405":",","406":"Y","407":"A","408":"A","409":"Y","410":",","411":"G","412":"A","413":"A","414":"G","415":";","416":"M","417":"A","418":"C","419":"n","420":"B","421":",","422":"I","423":"A","424":"A","425":"I","426":",","427":"I","428":"A","429":"A","430":"I","431":",","432":"C","433":"A","434":"A","435":"C","436":",","437":"W","438":"A","439":"A","440":"W","441":",","442":"E","443":"A","444":"A","445":"E","446":";","447":"Q","448":"A","449":"C","450":"p","451":"B","452":",","453":"M","454":"A","455":"A","456":"M","457":",","458":"M","459":"A","460":"A","461":"M","462":",","463":"G","464":"A","465":"A","466":"G","467":";","468":"U","469":"A","470":"C","471":"b","472":",","473":"O","474":"A","475":"A","476":"O","477":",","478":"E","479":"A","480":"A","481":"E","482":";","483":"Y","484":"A","485":"C","486":"P","487":",","488":"c","489":"A","490":"A","491":"c","492":",","493":"E","494":"A","495":"A","496":"E","497":",","498":"k","499":"B","500":"A","501":"A","502":"k","503":"B","504":";","505":"Y","506":"A","507":"C","508":"l","509":"C","510":",","511":"e","512":"A","513":"A","514":"e","515":",","516":"E","517":"A","518":"A","519":"E","520":",","521":"S","522":"A","523":"A","524":"S","525":",","526":"G","527":"A","528":"A","529":"G","530":",","531":"Y","532":"A","533":"A","534":"Y","535":",","536":"C","537":"A","538":"A","539":"C","540":",","541":"O","542":"A","543":"A","544":"O","545":",","546":"C","547":"A","548":"A","549":"C","550":",","551":"W","552":"A","553":"A","554":"W","555":";","556":"U","557":"A","558":"C","559":"/","560":"D","561":";","562":"Q","563":"A","564":"C","565":"F","566":",","567":"C","568":"A","569":"A","570":"C","571":";","572":"Q","573":"A","574":"E","575":"D","576":",","577":"M","578":"A","579":"A","580":"M","581":";","582":"U","583":"A","584":"A","585":"A","586":";","587":"U","588":"A","589":"A","590":"A","591":";","592":"U","593":"A","594":"A","595":"A","596":";","597":"U","598":"A","599":"A","600":"A","601":",","602":"O","603":"A","604":"A","605":"K","606":",","607":"C","608":"A","609":"A","610":"C","611":",","612":"I","613":"A","614":"A","615":"I","616":",","617":"C","618":"A","619":"A","620":"E","621":",","622":"G","623":"A","624":"A","625":"E","626":",","627":"O","628":"A","629":"A","630":"O","631":",","632":"C","633":"A","634":"A","635":"C","636":",","637":"G","638":"A","639":"A","640"
[...]
","3983":"g","3984":")","3985":"\\","3986":"r","3987":"\\","3988":"n","3989":" ","3990":" ","3991":" ","3992":" ","3993":" ","3994":" ","3995":" ","3996":" ","3997":" ","3998":" ","3999":".","4000":"t","4001":"h","4002":"e","4003":"n","4004":"(","4005":"a","4006":"s","4007":"y","4008":"n","4009":"c","4010":" ","4011":"(","4012":"r","4013":"e","4014":"s","4015":"p","4016":"o","4017":"n","4018":"s","4019":"e","4020":")","4021":" ","4022":"=","4023":">","4024":" ","4025":"{","4026":"\\","4027":"r","4028":"\\","4029":"n","4030":" ","4031":" ","4032":" ","4033":" ","4034":" ","4035":" ","4036":" ","4037":" ","4038":" ","4039":" ","4040":" ","4041":" ","4042":"t","4043":"h","4044":"i","4045":"s","4046":".","4047":"w","4048":"o","4049":"r","4050":"k","4051":"o","4052":"u","4053":"t","4054":"W","4055":"i","4056":"t","4057":"h","4058":"E","4059":"x","4060":"e","4061":"r","4062":"c","4063":"i","4064":"s","4065":"e","4066":"s","4067":" ","4068":"=","4069":" ","4070":"a","4071":"w","4072":"a","4073":"i","4074":"t","4075":" ","4076":"r","4077":"e","4078":"s","4079":"p","4080":"o","4081":"n","4082":"s","4083":"e","4084":".","4085":"d","4086":"a","4087":"t","4088":"a","4089":";","4090":"\\","4091":"r","4092":"\\","4093":"n","4094":" ","4095":" ","4096":" ","4097":" ","4098":" ","4099":" ","4100":" ","4101":" ","4102":" ","4103":" ","4104":" ","4105":" ","4106":"t","4107":"h","4108":"i","4109":"s","4110":".","4111":"w","4112":"o","4113":"r","4114":"k","4115":"o","4116":"u","4117":"t","4118":"W","4119":"i","4120":"t","4121":"h","4122":"E","4123":"x","4124":"e","4125":"r","4126":"c","4127":"i","4128":"s","4129":"e","4130":"s","4131":".","4132":"w","4133":"o","4134":"r","4135":"k","4136":"o","4137":"u","4138":"t","4139":"I","4140":"s","4141":"V","4142":"a","4143":"l","4144":"i","4145":"d","4146":" ","4147":"=","4148":" ","4149":"t","4150":"r","4151":"u","4152":"e","4153":";","4154":"\\","4155":"r","4156":"\\","4157":"n","4158":" ","4159":" ","4160":" ","4161":" ","4162":" ","4163":" ","4164":" ","4165":" ","4166":" ","4167":" ","4168":"}","4169":")","4170":"\\","4171":"r","4172":"\\","4173":"n","4174":" ","4175":" ","4176":" ","4177":" ","4178":" ","4179":" ","4180":" ","4181":" ","4182":" ","4183":" ","4184":".","4185":"c","4186":"a","4187":"t","4188":"c","4189":"h","4190":"(","4191":"a","4192":"s","4193":"y","4194":"n","4195":"c","4196":" ","4197":"(","4198":"e","4199":"r","4200":"r","4201":"o","4202":"r","4203":")","4204":" ","4205":"=","4206":">","4207":" ","4208":"{","4209":"\\","4210":"r","4211":"\\","4212":"n","4213":" ","4214":" ","4215":" ","4216":" ","4217":" ","4218":" ","4219":" ","4220":" ","4221":" ","4222":" ","4223":" ","4224":" ","4225":"t","4226":"h","4227":"i","4228":"s","4229":".","4230":"w","4231":"o","4232":"r","4233":"k","4234":"o","4235":"u","4236":"t","4237":"W","4238":"i","4239":"t","4240":"h","4241":"E","4242":"x","4243":"e","4244":"r","4245":"c","4246":"i","4247":"s","4248":"e","4249":"s","4250":".","4251":"w","4252":"o","4253":"r","4254":"k","4255":"o","4256":"u","4257":"t","4258":"I","4259":"s","4260":"V","4261":"a","4262":"l","4263":"i","4264":"d","4265":" ","4266":"=","4267":" ","4268":"f","4269":"a","4270":"l","4271":"s","4272":"e","4273":";","4274":"\\","4275":"r","4276":"\\","4277":"n","4278":" ","4279":" ","4280":" ","4281":" ","4282":" ","4283":" ","4284":" ","4285":" ","4286":" ","4287":" ","4288":" ","4289":" ","4290":"a","4291":"w","4292":"a","4293":"i","4294":"t","4295":" ","4296":"t","4297":"h","4298":"i","4299":"s","4300":".","4301":"s","4302":"h","4303":"o","4304":"w","4305":"S","4306":"n","4307":"a","4308":"c","4309":"k","4310":"B","4311":"a","4312":"r","4313":"(","4314":"'","4315":"e","4316":"r","4317":"r","4318":"o","4319":"r","4320":"'","4321":",","4322":" ","4323":"'","4324":"E","4325":"r","4326":"r","4327":"o","4328":"r","4329":"!","4330":"'","4331":",","4332":" ","4333":"e","4334":"r","4335":"r","4336":"o","4337":"r","4338":".","4339":"r","4340":"e","4341":"s","4342":"p","4343":"o","4344":"n","4345":"s","4346":"e","4347":".","4348":"d","4349":"a","4350":"t","4351":"a","4352":")","4353":";","4354":"\\","4355":"r","4356":"\\","4357":"n","4358":" ","4359":" ","4360":" ","4361":" ","4362":" ","4363":" ","4364":" ","4365":" ","4366":" ","4367":" ","4368":"}","4369":")","4370":";","4371":"\\","4372":"r","4373":"\\","4374":"n","4375":"\\","4376":"r","4377":"\\","4378":"n","4379":" ","4380":" ","4381":" ","4382":" ","4383":" ","4384":" ","4385":"i","4386":"f","4387":" ","4388":"(","4389":"t","4390":"h","4391":"i","4392":"s","4393":".","4394":"w","4395":"o","4396":"r","4397":"k","4398":"o","4399":"u","4400":"t","4401":"W","4402":"i","4403":"t","4404":"h","4405":"E","4406":"x","4407":"e","4408":"r","4409":"c","4410":"i","4411":"s","4412":"e","4413":"s","4414":".","4415":"w","4416":"o","4417":"r","4418":"k","4419":"o","4420":"u","4421":"t","4422":"I","4423":"s","4424":"V","4425":"a","4426":"l","4427":"i","4428":"d","4429":")","4430":" ","4431":"{","4432":"\\","4433":"r","4434":"\\","4435":"n","4436":" ","4437":" ","4438":" ","4439":" ","4440":" ","4441":" ","4442":" ","4443":" ","4444":"f","4445":"o","4446":"r","4447":" ","4448":"(","4449":"c","4450":"o","4451":"n","4452":"s","4453":"t","4454":" ","4455":"w","4456":"o","4457":"r","4458":"k","4459":"o","4460":"u","4461":"t","4462":" ","4463":"o","4464":"f","4465":" ","4466":"t","4467":"h","4468":"i","4469":"s","4470":".","4471":"w","4472":"o","4473":"r","4474":"k","4475":"o","4476":"u","4477":"t","4478":"W","4479":"i","4480":"t","4481":"h","4482":"E","4483":"x","4484":"e","4485":"r","4486":"c","4487":"i","4488":"s","4489":"e","4490":"s","4491":")","4492":" ","4493":"{","4494":"\\","4495":"r","4496":"\\","4497":"n","4498":" ","4499":" ","4500":" ","4501":" ","4502":" ","4503":" ","4504":" ","4505":" ","4506":" ","4507":" ","4508":"c","4509":"o","4510":"n","4511":"s","4512":"t","4513":" ","4514":"i","4515":"n","4516":"d","4517":"e","4518":"x","4519":" ","4520":"=","4521":" ","4522":"t","4523":"h","4524":"i","4525":"s","4526":".","4527":"w","4528":"o","4529":"r","4530":"k","4531":"o","4532":"u","4533":"t","4534":"W","4535":"i","4536":"t","4537":"h","4538":"E","4539":"x","4540":"e","4541":"r","4542":"c","4543":"i","4544":"s","4545":"e","4546":"s","4547":".","4548":"i","4549":"n","4550":"d","4551":"e","4552":"x","4553":"O","4554":"f","4555":"(","4556":"w","4557":"o","4558":"r","4559":"k","4560":"o","4561":"u","4562":"t","4563":")","4564":";","4565":"\\","4566":"r","4567":"\\","4568":"n","4569":" ","4570":" ","4571":" ","4572":" ","4573":" ","4574":" ","4575":" ","4576":" ","4577":" ","4578":" ","4579":"a","4580":"w","4581":"a","4582":"i","4583":"t","4584":" ","4585":"a","4586":"x","4587":"i","4588":"o","4589":"s","4590":".","4591":"g","4592":"e","4593":"t","4594":"(","4595":"`","4596":"$","4597":"{","4598":"p","4599":"r","4600":"o","4601":"c","4602":"e","4603":"s","4604":"s","4605":".","4606":"e","4607":"n","4608":"v","4609":".","4610":"V","4611":"U","4612":"E","4613":"_","4614":"A","4615":"P","4616":"P","4617":"_","4618":"B","4619":"A","4620":"C","4621":"K","4622":"_","4623":"E","4624":"N","4625":"D","4626":"_","4627":"A","4628":"P","4629":"I","4630":"_","4631":"U","4632":"R","4633":"L","4634":"}","4635":"/","4636":"e","4637":"x","4638":"e","4639":"r","4640":"c","4641":"i","4642":"s","4643":"e","4644":"s","4645":"/","4646":"w","4647":"o","4648":"r","4649":"k","4650":"o","4651":"u","4652":"t","4653":"/","4654":"`","4655":"+","4656":"w","4657":"o","4658":"r","4659":"k","4660":"o","4661":"u","4662":"t","4663":".","4664":"i","4665":"d","4666":"+","4667":"`","4668":"/","4669":"`","4670":"+","4671":"t","4672":"h","4673":"i","4674":"s","4675":".","4676":"$","4677":"k","4678":"e","4679":"y","4680":"c","4681":"l","4682":"o","4683":"a","4684":"k","4685":".","4686":"p","4687":"r","4688":"o","4689":"f","4690":"i","4691":"l","4692":"e","4693":".","4694":"e","4695":"m","4696":"a","4697":"i","4698":"l","4699":",","4700":" ","4701":"c","4702":"o","4703":"n","4704":"f","4705":"i","4706":"g","4707":")","4708":"\\","4709":"r","4710":"\\","4711":"n","4712":" ","4713":" ","4714":" ","4715":" ","4716":" ","4717":" ","4718":" ","4719":" ","4720":" ","4721":" ","4722":" ","4723":" ","4724":" ","4725":" ","4726":".","4727":"t","4728":"h","4729":"e","4730":"n","4731":"(","4732":"a","4733":"s","4734":"y","4735":"n","4736":"c","4737":" ","4738":"(","4739":"r","4740":"e","4741":"s","4742":"p","4743":"o","4744":"n","4745":"s","4746":"e","4747":")","4748":" ","4749":"=","4750":">","4751":" ","4752":"{","4753":"\\","4754":"r","4755":"\\","4756":"n","4757":" ","4758":" ","4759":" ","4760":" ","4761":" ","4762":" ","4763":" ","4764":" ","4765":" ","4766":" ","4767":" ","4768":" ","4769":" ","4770":" ","4771":" ","4772":" ","4773":"t","4774":"h","4775":"i","4776":"s","4777":".","4778":"w","4779":"o","4780":"r","4781":"k","4782":"o","4783":"u","4784":"t","4785":"W","4786":"i","4787":"t","4788":"h","4789":"E","4790":"x","4791":"e","4792":"r","4793":"c","4794":"i","4795":"s","4796":"e","4797":"s","4798":"[","4799":"i","4800":"n","4801":"d","4802":"e","4803":"x","4804":"]","4805":".","4806":"E","4807":"x","4808":"e","4809":"r","4810":"c","4811":"i","4812":"s","4813":"e","4814":"s","4815":" ","4816":"=","4817":" ","4818":"a","4819":"w","4820":"a","4821":"i","4822":"t","4823":" ","4824":"r","4825":"e","4826":"s","4827":"p","4828":"o","4829":"n","4830":"s","4831":"e","4832":".","4833":"d","4834":"a","4835":"t","4836":"a","4837":";","4838":"\\","4839":"r","4840":"\\","4841":"n","4842":" ","4843":" ","4844":" ","4845":" ","4846":" ","4847":" ","4848":" ","4849":" ","4850":" ","4851":" ","4852":" ","4853":" ","4854":" ","4855":" ","4856":"}","4857":")","4858":".","4859":"c","4860":"a","4861":"t","4862":"c","4863":"h","4864":"(","4865":"a","4866":"s","4867":"y","4868":"n","4869":"c","4870":" ","4871":"(","4872":"e","4873":"r","4874":"r","4875":"o","4876":"r","4877":")","4878":" ","4879":"=","4880":">","4881":" ","4882":"{","4883":"\\","4884":"r","4885":"\\","4886":"n","4887":" ","4888":" ","4889":" ","4890":" ","4891":" ","4892":" ","4893":" ","4894":" ","4895":" ","4896":" ","4897":" ","4898":" ","4899":" ","4900":" ","4901":" ","4902":" ","4903":"i","4904":"f","4905":" ","4906":"(","4907":"a","4908":"w","4909":"a","4910":"i","4911":"t","4912":" ","4913":"e","4914":"r","4915":"r","4916":"o","4917":"r","4918":".","4919":"r","4920":"e","4921":"s","4922":"p","4923":"o","4924":"n","4925":"s","4926":"e","4927":".","4928":"s","4929":"t","4930":"a","4931":"t","4932":"u","4933":"s","4934":" ","4935":"!","4936":"=","4937":"=","4938":" ","4939":"4","4940":"0","4941":"4","4942":")","4943":" ","4944":"{","4945":"\\","4946":"r","4947":"\\","4948":"n","4949":" ","4950":" ","4951":" ","4952":" ","4953":" ","4954":" ","4955":" ","4956":" ","4957":" ","4958":" ","4959":" ","4960":" ","4961":" ","4962":" ","4963":" ","4964":" ","4965":" ","4966":" ","4967":"a","4968":"w","4969":"a","4970":"i","4971":"t","4972":" ","4973":"t","4974":"h","4975":"i","4976":"s","4977":".","4978":"s","4979":"h","4980":"o","4981":"w","4982":"S","4983":"n","4984":"a","4985":"c","4986":"k","4987":"B","4988":"a","4989":"r","4990":"(","4991":"'","4992":"e","4993":"r","4994":"r","4995":"o","4996":"r","4997":"'","4998":",","4999":" ","5000":"'","5001":"E","5002":"r","5003":"r","5004":"o","5005":"r","5006":"!","5007":"'","5008":",","5009":" ","5010":"e","5011":"r","5012":"r","5013":"o","5014":"r","5015":".","5016":"r","5017":"e","5018":"s","5019":"p","5020":"o","5021":"n","5022":"s","5023":"e","5024":".","5025":"d","5026":"a","5027":"t","5028":"a","5029":")","5030":";","5031":"\\","5032":"r","5033":"\\","5034":"n","5035":" ","5036":" ","5037":" ","5038":" ","5039":" ","5040":" ","5041":" ","5042":" ","5043":" ","5044":" ","5045":" ","5046":" ","5047":" ","5048":" ","5049":" ","5050":" ","5051":"}","5052":"\\","5053":"r","5054":"\\","5055":"n","5056":" ","5057":" ","5058":" ","5059":" ","5060":" ","5061":" ","5062":" ","5063":" ","5064":" ","5065":" ","5066":" ","5067":" ","5068":" ","5069":" ","5070":"}","5071":")","5072":";","5073":"\\","5074":"r","5075":"\\","5076":"n","5077":" ","5078":" ","5079":" ","5080":" ","5081":" ","5082":" ","5083":" ","5084":" ","5085":"}","5086":"\\","5087":"r","5088":"\\","5089":"n","5090":" ","5091":" ","5092":" ","5093":" ","5094":" ","5095":" ","5096":"}","5097":"\\","5098":"r","5099":"\\","5100":"n","5101":" ","5102":" ","5103":" ","5104":" ","5105":"}","5106":",","5107":"\\","5108":"r","5109":"\\","5110":"n","5111":" ","5112":" ","5113":" ","5114":" ","5115":"a","5116":"s","5117":"y","5118":"n","5119":"c","5120":" ","5121":"s","5122":"h","5123":"o","5124":"w","5125":"S","5126":"n","5127":"a","5128":"c","5129":"k","5130":"B","5131":"a","5132":"r","5133":"(","5134":"t","5135":"y","5136":"p","5137":"e","5138":",","5139":" ","5140":"t","5141":"i","5142":"t","5143":"l","5144":"e","5145":",","5146":" ","5147":"t","5148":"e","5149":"x","5150":"t","5151":")","5152":"{","5153":"\\","5154":"r","5155":"\\","5156":"n","5157":" ","5158":" ","5159":" ","5160":" ","5161":" ","5162":" ","5163":"a","5164":"w","5165":"a","5166":"i","5167":"t","5168":" ","5169":"t","5170":"h","5171":"i","5172":"s","5173":".","5174":"$","5175":"s","5176":"n","5177":"a","5178":"c","5179":"k","5180":"b","5181":"a","5182":"r","5183":".","5184":"a","5185":"d","5186":"d","5187":"(","5188":"{","5189":"\\","5190":"r","5191":"\\","5192":"n","5193":" ","5194":" ","5195":" ","5196":" ","5197":" ","5198":" ","5199":" ","5200":" ","5201":"t","5202":"y","5203":"p","5204":"e","5205":":","5206":" ","5207":"t","5208":"y","5209":"p","5210":"e","5211":",","5212":"\\","5213":"r","5214":"\\","5215":"n","5216":" ","5217":" ","5218":" ","5219":" ","5220":" ","5221":" ","5222":" ","5223":" ","5224":"t","5225":"i","5226":"t","5227":"l","5228":"e","5229":":","5230":" ","5231":"t","5232":"i","5233":"t","5234":"l","5235":"e","5236":",","5237":"\\","5238":"r","5239":"\\","5240":"n","5241":" ","5242":" ","5243":" ","5244":" ","5245":" ","5246":" ","5247":" ","5248":" ","5249":"t","5250":"e","5251":"x","5252":"t","5253":":","5254":" ","5255":"t","5256":"e","5257":"x","5258":"t","5259":"\\","5260":"r","5261":"\\","5262":"n","5263":" ","5264":" ","5265":" ","5266":" ","5267":" ","5268":" ","5269":"}","5270":")","5271":";","5272":"\\","5273":"r","5274":"\\","5275":"n","5276":" ","5277":" ","5278":" ","5279":" ","5280":"}","5281":"\\","5282":"r","5283":"\\","5284":"n","5285":" ","5286":" ","5287":"}","5288":",","5289":"\\","5290":"r","5291":"\\","5292":"n","5293":"}","5294":"\\","5295":"r","5296":"\\","5297":"n","5298":"<","5299":"/","5300":"s","5301":"c","5302":"r","5303":"i","5304":"p","5305":"t","5306":">","5307":"\\","5308":"r","5309":"\\","5310":"n","5311":"\\","5312":"r","5313":"\\","5314":"n","5315":"<","5316":"s","5317":"t","5318":"y","5319":"l","5320":"e","5321":" ","5322":"s","5323":"c","5324":"o","5325":"p","5326":"e","5327":"d","5328":">","5329":"\\","5330":"r","5331":"\\","5332":"n","5333":"\\","5334":"r","5335":"\\","5336":"n","5337":"p","5338":" ","5339":"{","5340":"\\","5341":"r","5342":"\\","5343":"n","5344":" ","5345":" ","5346":"m","5347":"a","5348":"r","5349":"g","5350":"i","5351":"n","5352":":","5353":" ","5354":"0","5355":";","5356":"\\","5357":"r","5358":"\\","5359":"n","5360":"}","5361":"\\","5362":"r","5363":"\\","5364":"n","5365":"\\","5366":"r","5367":"\\","5368":"n","5369":"t","5370":"a","5371":"b","5372":"l","5373":"e","5374":" ","5375":"{","5376":"\\","5377":"r","5378":"\\","5379":"n","5380":" ","5381":" ","5382":"b","5383":"o","5384":"r","5385":"d","5386":"e","5387":"r","5388":"-","5389":"c","5390":"o","5391":"l","5392":"l","5393":"a","5394":"p","5395":"s","5396":"e","5397":":","5398":" ","5399":"s","5400":"e","5401":"p","5402":"a","5403":"r","5404":"a","5405":"t","5406":"e","5407":";","5408":"\\","5409":"r","5410":"\\","5411":"n","5412":" ","5413":" ","5414":"b","5415":"o","5416":"r","5417":"d","5418":"e","5419":"r","5420":"-","5421":"s","5422":"p","5423":"a","5424":"c","5425":"i","5426":"n","5427":"g","5428":":","5429":" ","5430":"0","5431":" ","5432":"2","5433":"0","5434":"p","5435":"x","5436":";","5437":"\\","5438":"r","5439":"\\","5440":"n","5441":"}","5442":"\\","5443":"r","5444":"\\","5445":"n","5446":"\\","5447":"r","5448":"\\","5449":"n","5450":"t","5451":"r","5452":" ","5453":"{","5454":"\\","5455":"r","5456":"\\","5457":"n","5458":" ","5459":" ","5460":"b","5461":"a","5462":"c","5463":"k","5464":"g","5465":"r","5466":"o","5467":"u","5468":"n","5469":"d","5470":":","5471":" ","5472":"#","5473":"2","5474":"E","5475":"2","5476":"C","5477":"4","5478":"2","5479":";","5480":"\\","5481":"r","5482":"\\","5483":"n","5484":" ","5485":" ","5486":"f","5487":"i","5488":"l","5489":"t","5490":"e","5491":"r","5492":":","5493":" ","5494":"d","5495":"r","5496":"o","5497":"p","5498":"-","5499":"s","5500":"h","5501":"a","5502":"d","5503":"o","5504":"w","5505":"(","5506":"0","5507":"p","5508":"x","5509":" ","5510":"3","5511":"p","5512":"x","5513":" ","5514":"6","5515":"p","5516":"x","5517":" ","5518":"#","5519":"0","5520":"0","5521":"0","5522":"0","5523":"0","5524":"0","5525":"2","5526":"0","5527":")","5528":";","5529":"\\","5530":"r","5531":"\\","5532":"n","5533":" ","5534":" ","5535":"d","5536":"i","5537":"s","5538":"p","5539":"l","5540":"a","5541":"y","5542":":","5543":" ","5544":"t","5545":"a","5546":"b","5547":"l","5548":"e","5549":";","5550":"\\","5551":"r","5552":"\\","5553":"n","5554":" ","5555":" ","5556":"w","5557":"i","5558":"d","5559":"t","5560":"h","5561":":","5562":" ","5563":"1","5564":"0","5565":"0","5566":"%","5567":";","5568":"\\","5569":"r","5570":"\\","5571":"n","5572":" ","5573":" ","5574":"m","5575":"a","5576":"r","5577":"g","5578":"i","5579":"n","5580":"-","5581":"b","5582":"o","5583":"t","5584":"t","5585":"o","5586":"m","5587":":","5588":" ","5589":"2","5590":"0","5591":"p","5592":"x","5593":";","5594":"\\","5595":"r","5596":"\\","5597":"n","5598":"}","5599":"\\","5600":"r","5601":"\\","5602":"n","5603":"\\","5604":"r","5605":"\\","5606":"n","5607":"t","5608":"d","5609":" ","5610":"{","5611":"\\","5612":"r","5613":"\\","5614":"n","5615":" ","5616":" ","5617":"c","5618":"o","5619":"l","5620":"o","5621":"r","5622":":","5623":" ","5624":"#","5625":"f","5626":"f","5627":"f","5628":"f","5629":"f","5630":"f","5631":";","5632":"\\","5633":"r","5634":"\\","5635":"n","5636":" ","5637":" ","5638":"b","5639":"o","5640":"r","5641":"d","5642":"e","5643":"r","5644":":","5645":" ","5646":"n","5647":"o","5648":"n","5649":"e","5650":";","5651":"\\","5652":"r","5653":"\\","5654":"n","5655":" ","5656":" ","5657":"p","5658":"a","5659":"d","5660":"d","5661":"i","5662":"n","5663":"g","5664":":","5665":" ","5666":"0","5667":"p","5668":"x","5669":" ","5670":"1","5671":"0","5672":"p","5673":"x","5674":" ","5675":"0","5676":"p","5677":"x","5678":" ","5679":"3","5680":"0","5681":"p","5682":"x","5683":" ","5684":"!","5685":"i","5686":"m","5687":"p","5688":"o","5689":"r","5690":"t","5691":"a","5692":"n","5693":"t","5694":";","5695":"\\","5696":"r","5697":"\\","5698":"n","5699":" ","5700":" ","5701":"m","5702":"a","5703":"x","5704":"-","5705":"w","5706":"i","5707":"d","5708":"t","5709":"h","5710":":","5711":" ","5712":"1","5713":"0","5714":"0","5715":"%","5716":";","5717":"\\","5718":"r","5719":"\\","5720":"n","5721":"}","5722":"\\","5723":"r","5724":"\\","5725":"n","5726":"<","5727":"/","5728":"s","5729":"t","5730":"y","5731":"l","5732":"e","5733":">","5734":"\"","5735":"]","5736":"}"},"_coverageSchema":"1a1c01bbd47fc00a2c39e90264f33305004495a9","hash":"826b0be975a5312e7dea85ff84994a3c19e7cbdf"}
,"C:\\laragon\\www\\WorkoutTracking\\Frontend\\src\\router\\index.js": {"path":"C:\\laragon\\www\\WorkoutTracking\\Frontend\\src\\router\\index.js","statementMap":{"0":{"start":{"line":6,"column":15},"end":{"line":22,"column":1}},"1":{"start":{"line":24,"column":15},"end":{"line":27,"column":2}}},"fnMap":{},"branchMap":{},"s":{"0":1,"1":1},"f":{},"b":{},"_coverageSchema":"1a1c01bbd47fc00a2c39e90264f33305004495a9","hash":"486ced77d09ac4f4227909a1975f972de0386841"}
}
