TN:
SF:src\App.vue
FN:43,render
FNF:1
FNH:0
FNDA:0,render
DA:4,0
DA:5,0
DA:8,0
DA:33,0
DA:35,0
DA:38,0
DA:39,0
DA:40,0
DA:44,0
DA:45,0
DA:46,0
DA:47,0
DA:48,0
DA:55,0
LF:14
LH:0
BRF:0
BRH:0
end_of_record
TN:
SF:src\ErrorPage.vue
FN:36,render
FNF:1
FNH:1
FNDA:1,render
DA:4,1
DA:5,1
DA:8,1
DA:25,1
DA:27,1
DA:30,1
DA:31,1
DA:32,1
DA:37,1
DA:38,1
DA:39,1
LF:11
LH:11
BRF:0
BRH:0
end_of_record
TN:
SF:src\HomePage.vue
FN:58,render
FNF:1
FNH:0
FNDA:0,render
DA:4,1
DA:5,1
DA:8,1
DA:51,1
DA:54,1
DA:55,1
DA:56,1
DA:59,0
DA:60,1
LF:9
LH:8
BRF:0
BRH:0
end_of_record
TN:
SF:src\StatsPage.vue
FN:20,render
FNF:1
FNH:0
FNDA:0,render
DA:4,1
DA:7,1
DA:8,1
DA:13,1
DA:15,1
DA:18,1
DA:19,1
DA:21,0
DA:22,1
LF:9
LH:8
BRF:0
BRH:0
end_of_record
TN:
SF:src\main.js
FN:13,makeApp
FN:32,(anonymous_1)
FN:49,(anonymous_2)
FN:52,(anonymous_3)
FN:67,(anonymous_4)
FN:68,(anonymous_5)
FN:75,(anonymous_6)
FN:79,(anonymous_7)
FNF:8
FNH:0
FNDA:0,makeApp
FNDA:0,(anonymous_1)
FNDA:0,(anonymous_2)
FNDA:0,(anonymous_3)
FNDA:0,(anonymous_4)
FNDA:0,(anonymous_5)
FNDA:0,(anonymous_6)
FNDA:0,(anonymous_7)
DA:14,0
DA:15,0
DA:16,0
DA:18,0
DA:19,0
DA:20,0
DA:21,0
DA:22,0
DA:23,0
DA:26,0
DA:30,0
DA:32,0
DA:33,0
DA:34,0
DA:36,0
DA:37,0
DA:38,0
DA:40,0
DA:47,0
DA:48,0
DA:50,0
DA:51,0
DA:53,0
DA:54,0
DA:56,0
DA:57,0
DA:58,0
DA:62,0
DA:63,0
DA:67,0
DA:68,0
DA:69,0
DA:70,0
DA:72,0
DA:76,0
DA:80,0
DA:81,0
LF:37
LH:0
BRDA:14,0,0,0
BRDA:14,0,1,0
BRDA:33,1,0,0
BRDA:33,1,1,0
BRDA:53,2,0,0
BRDA:53,2,1,0
BRDA:69,3,0,0
BRDA:69,3,1,0
BRF:8
BRH:0
end_of_record
TN:
SF:src\registerServiceWorker.js
FN:7,(anonymous_0)
FN:13,(anonymous_1)
FN:16,(anonymous_2)
FN:19,(anonymous_3)
FN:22,(anonymous_4)
FN:25,(anonymous_5)
FN:28,(anonymous_6)
FNF:7
FNH:0
FNDA:0,(anonymous_0)
FNDA:0,(anonymous_1)
FNDA:0,(anonymous_2)
FNDA:0,(anonymous_3)
FNDA:0,(anonymous_4)
FNDA:0,(anonymous_5)
FNDA:0,(anonymous_6)
DA:5,0
DA:6,0
DA:8,0
DA:14,0
DA:17,0
DA:20,0
DA:23,0
DA:26,0
DA:29,0
LF:9
LH:0
BRDA:5,0,0,0
BRDA:5,0,1,0
BRF:2
BRH:0
end_of_record
TN:
SF:src\components\AppFooter.vue
FN:23,render
FNF:1
FNH:1
FNDA:1,render
DA:4,1
DA:7,1
DA:8,1
DA:13,1
DA:15,1
DA:18,1
DA:19,1
DA:20,1
DA:24,1
DA:25,1
LF:10
LH:10
BRF:0
BRH:0
end_of_record
TN:
SF:src\components\AppHeader.vue
FN:10,(anonymous_0)
FN:17,(anonymous_1)
FN:44,render
FN:50,(anonymous_3)
FN:56,(anonymous_4)
FN:61,(anonymous_5)
FNF:6
FNH:0
FNDA:0,(anonymous_0)
FNDA:0,(anonymous_1)
FNDA:0,render
FNDA:0,(anonymous_3)
FNDA:0,(anonymous_4)
FNDA:0,(anonymous_5)
DA:4,0
DA:7,0
DA:8,0
DA:11,0
DA:18,0
DA:24,0
DA:26,0
DA:29,0
DA:30,0
DA:31,0
DA:34,0
DA:37,0
DA:40,0
DA:45,0
DA:46,0
DA:50,0
DA:56,0
DA:61,0
DA:63,0
LF:19
LH:0
BRDA:58,0,0,0
BRDA:58,0,1,0
BRDA:61,1,0,0
BRDA:61,1,1,0
BRDA:61,2,0,0
BRDA:61,2,1,0
BRF:6
BRH:0
end_of_record
TN:
SF:src\components\StartNewWorkout.vue
FN:82,render
FN:85,(anonymous_1)
FN:88,(anonymous_2)
FNF:3
FNH:1
FNDA:3,render
FNDA:0,(anonymous_1)
FNDA:0,(anonymous_2)
DA:4,1
DA:5,1
DA:8,1
DA:9,1
DA:71,1
DA:73,1
DA:76,1
DA:77,1
DA:78,1
DA:81,1
DA:83,3
DA:85,0
DA:88,0
DA:97,1
LF:14
LH:12
BRDA:85,0,0,3
BRDA:85,0,1,3
BRDA:85,1,0,0
BRDA:85,1,1,0
BRDA:88,2,0,3
BRDA:88,2,1,3
BRF:6
BRH:4
end_of_record
TN:
SF:src\components\Workout.vue
FN:315,render
FN:316,(anonymous_1)
FN:320,(anonymous_2)
FN:321,(anonymous_3)
FN:326,(anonymous_4)
FN:328,(anonymous_5)
FN:334,(anonymous_6)
FN:340,(anonymous_7)
FN:346,(anonymous_8)
FN:353,(anonymous_9)
FN:359,(anonymous_10)
FN:362,(anonymous_11)
FN:365,(anonymous_12)
FNF:13
FNH:0
FNDA:0,render
FNDA:0,(anonymous_1)
FNDA:0,(anonymous_2)
FNDA:0,(anonymous_3)
FNDA:0,(anonymous_4)
FNDA:0,(anonymous_5)
FNDA:0,(anonymous_6)
FNDA:0,(anonymous_7)
FNDA:0,(anonymous_8)
FNDA:0,(anonymous_9)
FNDA:0,(anonymous_10)
FNDA:0,(anonymous_11)
FNDA:0,(anonymous_12)
DA:4,1
DA:5,1
DA:8,1
DA:157,1
DA:159,1
DA:162,1
DA:163,1
DA:164,1
DA:167,1
DA:170,1
DA:173,1
DA:176,1
DA:184,1
DA:187,1
DA:188,1
DA:192,1
DA:201,1
DA:207,1
DA:208,1
DA:209,1
DA:212,1
DA:213,1
DA:216,1
DA:219,1
DA:220,1
DA:221,1
DA:222,1
DA:223,1
DA:238,1
DA:239,1
DA:253,1
DA:254,1
DA:255,1
DA:274,1
DA:275,1
DA:278,1
DA:281,1
DA:288,1
DA:294,1
DA:295,1
DA:305,1
DA:311,1
DA:312,1
DA:316,0
DA:317,0
DA:320,0
DA:322,0
DA:326,0
DA:328,0
DA:334,0
DA:340,0
DA:346,0
DA:353,0
DA:359,0
DA:362,0
DA:365,0
DA:378,1
LF:57
LH:44
BRDA:316,0,0,0
BRDA:316,0,1,0
BRDA:362,1,0,0
BRDA:362,1,1,0
BRDA:362,2,0,0
BRDA:362,2,1,0
BRDA:365,3,0,0
BRDA:365,3,1,0
BRF:8
BRH:0
end_of_record
TN:
SF:src\components\WorkoutsTable.vue
FN:107,render
FN:109,(anonymous_1)
FN:112,(anonymous_2)
FN:120,(anonymous_3)
FNF:4
FNH:0
FNDA:0,render
FNDA:0,(anonymous_1)
FNDA:0,(anonymous_2)
FNDA:0,(anonymous_3)
DA:4,1
DA:5,1
DA:8,1
DA:73,1
DA:75,1
DA:78,1
DA:79,1
DA:80,1
DA:83,1
DA:87,1
DA:90,1
DA:91,1
DA:94,1
DA:97,1
DA:100,1
DA:101,1
DA:104,1
DA:108,0
DA:109,0
DA:110,0
DA:113,0
DA:120,0
DA:124,1
LF:23
LH:18
BRDA:109,0,0,0
BRDA:109,0,1,0
BRF:2
BRH:0
end_of_record
TN:
SF:src\router\index.js
FNF:0
FNH:0
DA:6,1
DA:24,1
LF:2
LH:2
BRF:0
BRH:0
end_of_record
